{"/Users/haneefshaikh/opencode-telegram-bot/bot.js": {"path":"/Users/haneefshaikh/opencode-telegram-bot/bot.js","statementMap":{"0":{"start":{"line":2,"column":0},"end":{"line":2,"column":27}},"1":{"start":{"line":3,"column":20},"end":{"line":3,"column":52}},"2":{"start":{"line":7,"column":23},"end":{"line":7,"column":53}},"3":{"start":{"line":8,"column":21},"end":{"line":8,"column":100}},"4":{"start":{"line":9,"column":16},"end":{"line":9,"column":66}},"5":{"start":{"line":10,"column":16},"end":{"line":10,"column":58}},"6":{"start":{"line":13,"column":27},"end":{"line":13,"column":31}},"7":{"start":{"line":15,"column":31},"end":{"line":15,"column":45}},"8":{"start":{"line":17,"column":31},"end":{"line":17,"column":35}},"9":{"start":{"line":19,"column":0},"end":{"line":22,"column":1}},"10":{"start":{"line":20,"column":2},"end":{"line":20,"column":68}},"11":{"start":{"line":21,"column":2},"end":{"line":21,"column":18}},"12":{"start":{"line":27,"column":0},"end":{"line":32,"column":1}},"13":{"start":{"line":28,"column":2},"end":{"line":28,"column":59}},"14":{"start":{"line":31,"column":2},"end":{"line":31,"column":13}},"15":{"start":{"line":35,"column":2},"end":{"line":35,"column":16}},"16":{"start":{"line":54,"column":18},"end":{"line":54,"column":27}},"17":{"start":{"line":57,"column":2},"end":{"line":66,"column":3}},"18":{"start":{"line":58,"column":4},"end":{"line":65,"column":7}},"19":{"start":{"line":67,"column":2},"end":{"line":67,"column":31}},"20":{"start":{"line":71,"column":22},"end":{"line":71,"column":31}},"21":{"start":{"line":76,"column":2},"end":{"line":76,"column":26}},"22":{"start":{"line":76,"column":16},"end":{"line":76,"column":26}},"23":{"start":{"line":77,"column":16},"end":{"line":77,"column":71}},"24":{"start":{"line":78,"column":2},"end":{"line":78,"column":45}},"25":{"start":{"line":82,"column":14},"end":{"line":86,"column":4}},"26":{"start":{"line":87,"column":15},"end":{"line":87,"column":31}},"27":{"start":{"line":88,"column":2},"end":{"line":88,"column":66}},"28":{"start":{"line":88,"column":15},"end":{"line":88,"column":66}},"29":{"start":{"line":89,"column":2},"end":{"line":93,"column":3}},"30":{"start":{"line":90,"column":4},"end":{"line":90,"column":28}},"31":{"start":{"line":92,"column":4},"end":{"line":92,"column":16}},"32":{"start":{"line":97,"column":18},"end":{"line":99,"column":4}},"33":{"start":{"line":100,"column":2},"end":{"line":100,"column":20}},"34":{"start":{"line":105,"column":2},"end":{"line":107,"column":5}},"35":{"start":{"line":111,"column":2},"end":{"line":111,"column":70}},"36":{"start":{"line":115,"column":2},"end":{"line":115,"column":70}},"37":{"start":{"line":119,"column":2},"end":{"line":119,"column":61}},"38":{"start":{"line":124,"column":19},"end":{"line":124,"column":72}},"39":{"start":{"line":126,"column":21},"end":{"line":126,"column":72}},"40":{"start":{"line":126,"column":44},"end":{"line":126,"column":71}},"41":{"start":{"line":127,"column":2},"end":{"line":127,"column":38}},"42":{"start":{"line":127,"column":26},"end":{"line":127,"column":38}},"43":{"start":{"line":128,"column":15},"end":{"line":128,"column":48}},"44":{"start":{"line":129,"column":15},"end":{"line":133,"column":11}},"45":{"start":{"line":130,"column":19},"end":{"line":130,"column":66}},"46":{"start":{"line":131,"column":16},"end":{"line":131,"column":22}},"47":{"start":{"line":134,"column":2},"end":{"line":134,"column":22}},"48":{"start":{"line":140,"column":16},"end":{"line":140,"column":32}},"49":{"start":{"line":141,"column":2},"end":{"line":141,"column":32}},"50":{"start":{"line":141,"column":25},"end":{"line":141,"column":32}},"51":{"start":{"line":142,"column":15},"end":{"line":145,"column":3}},"52":{"start":{"line":143,"column":4},"end":{"line":143,"column":57}},"53":{"start":{"line":144,"column":4},"end":{"line":144,"column":61}},"54":{"start":{"line":146,"column":2},"end":{"line":146,"column":55}},"55":{"start":{"line":147,"column":2},"end":{"line":147,"column":59}},"56":{"start":{"line":151,"column":16},"end":{"line":151,"column":32}},"57":{"start":{"line":152,"column":2},"end":{"line":155,"column":3}},"58":{"start":{"line":153,"column":4},"end":{"line":153,"column":36}},"59":{"start":{"line":154,"column":4},"end":{"line":154,"column":29}},"60":{"start":{"line":161,"column":14},"end":{"line":161,"column":18}},"61":{"start":{"line":162,"column":2},"end":{"line":162,"column":36}},"62":{"start":{"line":162,"column":29},"end":{"line":162,"column":36}},"63":{"start":{"line":163,"column":17},"end":{"line":163,"column":19}},"64":{"start":{"line":164,"column":2},"end":{"line":164,"column":81}},"65":{"start":{"line":164,"column":15},"end":{"line":164,"column":16}},"66":{"start":{"line":164,"column":45},"end":{"line":164,"column":81}},"67":{"start":{"line":165,"column":2},"end":{"line":169,"column":3}},"68":{"start":{"line":166,"column":4},"end":{"line":168,"column":7}},"69":{"start":{"line":167,"column":6},"end":{"line":167,"column":65}},"70":{"start":{"line":175,"column":16},"end":{"line":175,"column":32}},"71":{"start":{"line":176,"column":2},"end":{"line":176,"column":46}},"72":{"start":{"line":176,"column":23},"end":{"line":176,"column":46}},"73":{"start":{"line":177,"column":13},"end":{"line":177,"column":40}},"74":{"start":{"line":178,"column":2},"end":{"line":178,"column":23}},"75":{"start":{"line":179,"column":2},"end":{"line":179,"column":32}},"76":{"start":{"line":180,"column":2},"end":{"line":180,"column":12}},"77":{"start":{"line":186,"column":16},"end":{"line":186,"column":32}},"78":{"start":{"line":190,"column":2},"end":{"line":193,"column":3}},"79":{"start":{"line":191,"column":4},"end":{"line":191,"column":51}},"80":{"start":{"line":192,"column":4},"end":{"line":192,"column":11}},"81":{"start":{"line":196,"column":2},"end":{"line":200,"column":3}},"82":{"start":{"line":197,"column":4},"end":{"line":197,"column":34}},"83":{"start":{"line":198,"column":4},"end":{"line":198,"column":119}},"84":{"start":{"line":199,"column":4},"end":{"line":199,"column":11}},"85":{"start":{"line":202,"column":2},"end":{"line":202,"column":20}},"86":{"start":{"line":203,"column":2},"end":{"line":203,"column":22}},"87":{"start":{"line":205,"column":2},"end":{"line":214,"column":3}},"88":{"start":{"line":206,"column":22},"end":{"line":206,"column":49}},"89":{"start":{"line":207,"column":4},"end":{"line":207,"column":43}},"90":{"start":{"line":210,"column":4},"end":{"line":210,"column":23}},"91":{"start":{"line":211,"column":4},"end":{"line":211,"column":23}},"92":{"start":{"line":212,"column":4},"end":{"line":212,"column":72}},"93":{"start":{"line":213,"column":4},"end":{"line":213,"column":126}},"94":{"start":{"line":220,"column":16},"end":{"line":220,"column":32}},"95":{"start":{"line":221,"column":2},"end":{"line":221,"column":41}},"96":{"start":{"line":221,"column":34},"end":{"line":221,"column":41}},"97":{"start":{"line":222,"column":15},"end":{"line":222,"column":41}},"98":{"start":{"line":223,"column":2},"end":{"line":223,"column":40}},"99":{"start":{"line":229,"column":16},"end":{"line":229,"column":32}},"100":{"start":{"line":232,"column":2},"end":{"line":235,"column":3}},"101":{"start":{"line":233,"column":4},"end":{"line":233,"column":48}},"102":{"start":{"line":234,"column":4},"end":{"line":234,"column":35}},"103":{"start":{"line":237,"column":2},"end":{"line":237,"column":21}},"104":{"start":{"line":239,"column":55},"end":{"line":239,"column":58}},"105":{"start":{"line":242,"column":16},"end":{"line":242,"column":87}},"106":{"start":{"line":243,"column":2},"end":{"line":243,"column":71}},"107":{"start":{"line":243,"column":24},"end":{"line":243,"column":71}},"108":{"start":{"line":244,"column":2},"end":{"line":244,"column":62}},"109":{"start":{"line":244,"column":21},"end":{"line":244,"column":62}},"110":{"start":{"line":245,"column":2},"end":{"line":245,"column":65}},"111":{"start":{"line":245,"column":28},"end":{"line":245,"column":65}},"112":{"start":{"line":246,"column":2},"end":{"line":246,"column":39}},"113":{"start":{"line":248,"column":19},"end":{"line":256,"column":3}},"114":{"start":{"line":258,"column":15},"end":{"line":264,"column":4}},"115":{"start":{"line":262,"column":4},"end":{"line":262,"column":71}},"116":{"start":{"line":263,"column":4},"end":{"line":263,"column":16}},"117":{"start":{"line":266,"column":2},"end":{"line":266,"column":20}},"118":{"start":{"line":266,"column":13},"end":{"line":266,"column":20}},"119":{"start":{"line":269,"column":16},"end":{"line":277,"column":28}},"120":{"start":{"line":270,"column":4},"end":{"line":270,"column":35}},"121":{"start":{"line":271,"column":4},"end":{"line":275,"column":14}},"122":{"start":{"line":272,"column":6},"end":{"line":272,"column":114}},"123":{"start":{"line":273,"column":6},"end":{"line":273,"column":95}},"124":{"start":{"line":274,"column":6},"end":{"line":274,"column":65}},"125":{"start":{"line":279,"column":2},"end":{"line":279,"column":77}},"126":{"start":{"line":280,"column":2},"end":{"line":280,"column":22}},"127":{"start":{"line":286,"column":16},"end":{"line":286,"column":32}},"128":{"start":{"line":289,"column":2},"end":{"line":292,"column":3}},"129":{"start":{"line":290,"column":4},"end":{"line":290,"column":44}},"130":{"start":{"line":291,"column":4},"end":{"line":291,"column":31}},"131":{"start":{"line":294,"column":2},"end":{"line":294,"column":21}},"132":{"start":{"line":296,"column":39},"end":{"line":296,"column":42}},"133":{"start":{"line":298,"column":2},"end":{"line":303,"column":3}},"134":{"start":{"line":300,"column":4},"end":{"line":300,"column":52}},"135":{"start":{"line":301,"column":4},"end":{"line":301,"column":24}},"136":{"start":{"line":302,"column":4},"end":{"line":302,"column":11}},"137":{"start":{"line":306,"column":2},"end":{"line":319,"column":4}},"138":{"start":{"line":313,"column":17},"end":{"line":313,"column":36}},"139":{"start":{"line":314,"column":6},"end":{"line":314,"column":22}},"140":{"start":{"line":314,"column":15},"end":{"line":314,"column":22}},"141":{"start":{"line":315,"column":6},"end":{"line":315,"column":33}},"142":{"start":{"line":316,"column":6},"end":{"line":316,"column":54}},"143":{"start":{"line":317,"column":6},"end":{"line":317,"column":88}},"144":{"start":{"line":321,"column":2},"end":{"line":321,"column":35}},"145":{"start":{"line":325,"column":16},"end":{"line":325,"column":32}},"146":{"start":{"line":326,"column":13},"end":{"line":326,"column":32}},"147":{"start":{"line":327,"column":2},"end":{"line":327,"column":18}},"148":{"start":{"line":327,"column":11},"end":{"line":327,"column":18}},"149":{"start":{"line":329,"column":12},"end":{"line":329,"column":39}},"150":{"start":{"line":330,"column":16},"end":{"line":330,"column":35}},"151":{"start":{"line":331,"column":14},"end":{"line":331,"column":27}},"152":{"start":{"line":333,"column":17},"end":{"line":333,"column":73}},"153":{"start":{"line":334,"column":15},"end":{"line":334,"column":39}},"154":{"start":{"line":337,"column":2},"end":{"line":358,"column":3}},"155":{"start":{"line":340,"column":17},"end":{"line":345,"column":6}},"156":{"start":{"line":340,"column":48},"end":{"line":345,"column":5}},"157":{"start":{"line":348,"column":26},"end":{"line":348,"column":44}},"158":{"start":{"line":349,"column":19},"end":{"line":349,"column":71}},"159":{"start":{"line":351,"column":4},"end":{"line":354,"column":87}},"160":{"start":{"line":354,"column":22},"end":{"line":354,"column":85}},"161":{"start":{"line":357,"column":4},"end":{"line":357,"column":84}},"162":{"start":{"line":362,"column":16},"end":{"line":362,"column":32}},"163":{"start":{"line":363,"column":13},"end":{"line":363,"column":32}},"164":{"start":{"line":364,"column":2},"end":{"line":364,"column":18}},"165":{"start":{"line":364,"column":11},"end":{"line":364,"column":18}},"166":{"start":{"line":366,"column":12},"end":{"line":366,"column":39}},"167":{"start":{"line":367,"column":24},"end":{"line":367,"column":42}},"168":{"start":{"line":368,"column":2},"end":{"line":371,"column":3}},"169":{"start":{"line":369,"column":4},"end":{"line":369,"column":93}},"170":{"start":{"line":370,"column":4},"end":{"line":370,"column":11}},"171":{"start":{"line":373,"column":2},"end":{"line":373,"column":44}},"172":{"start":{"line":377,"column":16},"end":{"line":377,"column":32}},"173":{"start":{"line":378,"column":13},"end":{"line":378,"column":32}},"174":{"start":{"line":379,"column":2},"end":{"line":379,"column":18}},"175":{"start":{"line":379,"column":11},"end":{"line":379,"column":18}},"176":{"start":{"line":382,"column":2},"end":{"line":382,"column":35}},"177":{"start":{"line":383,"column":2},"end":{"line":383,"column":18}},"178":{"start":{"line":385,"column":2},"end":{"line":401,"column":3}},"179":{"start":{"line":387,"column":4},"end":{"line":387,"column":37}},"180":{"start":{"line":390,"column":4},"end":{"line":390,"column":27}},"181":{"start":{"line":391,"column":4},"end":{"line":391,"column":31}},"182":{"start":{"line":393,"column":4},"end":{"line":400,"column":5}},"183":{"start":{"line":394,"column":6},"end":{"line":394,"column":52}},"184":{"start":{"line":395,"column":6},"end":{"line":395,"column":90}},"185":{"start":{"line":396,"column":6},"end":{"line":396,"column":26}},"186":{"start":{"line":398,"column":6},"end":{"line":398,"column":74}},"187":{"start":{"line":399,"column":6},"end":{"line":399,"column":96}},"188":{"start":{"line":407,"column":16},"end":{"line":407,"column":32}},"189":{"start":{"line":408,"column":2},"end":{"line":408,"column":21}},"190":{"start":{"line":409,"column":2},"end":{"line":409,"column":21}},"191":{"start":{"line":412,"column":2},"end":{"line":415,"column":3}},"192":{"start":{"line":413,"column":4},"end":{"line":413,"column":48}},"193":{"start":{"line":414,"column":4},"end":{"line":414,"column":35}},"194":{"start":{"line":416,"column":2},"end":{"line":419,"column":3}},"195":{"start":{"line":417,"column":4},"end":{"line":417,"column":44}},"196":{"start":{"line":418,"column":4},"end":{"line":418,"column":31}},"197":{"start":{"line":422,"column":2},"end":{"line":432,"column":3}},"198":{"start":{"line":423,"column":17},"end":{"line":423,"column":56}},"199":{"start":{"line":424,"column":4},"end":{"line":428,"column":5}},"200":{"start":{"line":425,"column":6},"end":{"line":425,"column":35}},"201":{"start":{"line":427,"column":6},"end":{"line":427,"column":71}},"202":{"start":{"line":430,"column":4},"end":{"line":430,"column":68}},"203":{"start":{"line":431,"column":4},"end":{"line":431,"column":123}},"204":{"start":{"line":435,"column":2},"end":{"line":435,"column":27}},"205":{"start":{"line":441,"column":16},"end":{"line":441,"column":32}},"206":{"start":{"line":442,"column":2},"end":{"line":442,"column":21}},"207":{"start":{"line":443,"column":2},"end":{"line":443,"column":21}},"208":{"start":{"line":445,"column":2},"end":{"line":448,"column":3}},"209":{"start":{"line":446,"column":4},"end":{"line":446,"column":48}},"210":{"start":{"line":447,"column":4},"end":{"line":447,"column":35}},"211":{"start":{"line":449,"column":2},"end":{"line":452,"column":3}},"212":{"start":{"line":450,"column":4},"end":{"line":450,"column":44}},"213":{"start":{"line":451,"column":4},"end":{"line":451,"column":31}},"214":{"start":{"line":454,"column":15},"end":{"line":454,"column":37}},"215":{"start":{"line":455,"column":18},"end":{"line":455,"column":81}},"216":{"start":{"line":456,"column":2},"end":{"line":456,"column":103}},"217":{"start":{"line":458,"column":2},"end":{"line":458,"column":27}},"218":{"start":{"line":464,"column":15},"end":{"line":464,"column":35}},"219":{"start":{"line":465,"column":16},"end":{"line":465,"column":48}},"220":{"start":{"line":467,"column":2},"end":{"line":507,"column":3}},"221":{"start":{"line":469,"column":21},"end":{"line":469,"column":55}},"222":{"start":{"line":470,"column":6},"end":{"line":470,"column":26}},"223":{"start":{"line":470,"column":19},"end":{"line":470,"column":26}},"224":{"start":{"line":471,"column":6},"end":{"line":473,"column":8}},"225":{"start":{"line":472,"column":8},"end":{"line":472,"column":65}},"226":{"start":{"line":474,"column":6},"end":{"line":474,"column":12}},"227":{"start":{"line":478,"column":21},"end":{"line":478,"column":55}},"228":{"start":{"line":479,"column":6},"end":{"line":479,"column":26}},"229":{"start":{"line":479,"column":19},"end":{"line":479,"column":26}},"230":{"start":{"line":480,"column":6},"end":{"line":482,"column":8}},"231":{"start":{"line":481,"column":8},"end":{"line":481,"column":63}},"232":{"start":{"line":483,"column":6},"end":{"line":483,"column":12}},"233":{"start":{"line":487,"column":21},"end":{"line":487,"column":55}},"234":{"start":{"line":488,"column":6},"end":{"line":488,"column":26}},"235":{"start":{"line":488,"column":19},"end":{"line":488,"column":26}},"236":{"start":{"line":489,"column":6},"end":{"line":491,"column":8}},"237":{"start":{"line":490,"column":8},"end":{"line":490,"column":61}},"238":{"start":{"line":492,"column":6},"end":{"line":492,"column":12}},"239":{"start":{"line":496,"column":21},"end":{"line":496,"column":55}},"240":{"start":{"line":497,"column":6},"end":{"line":497,"column":26}},"241":{"start":{"line":497,"column":19},"end":{"line":497,"column":26}},"242":{"start":{"line":498,"column":6},"end":{"line":500,"column":8}},"243":{"start":{"line":499,"column":8},"end":{"line":499,"column":62}},"244":{"start":{"line":501,"column":6},"end":{"line":501,"column":12}},"245":{"start":{"line":506,"column":6},"end":{"line":506,"column":12}},"246":{"start":{"line":512,"column":25},"end":{"line":512,"column":29}},"247":{"start":{"line":515,"column":2},"end":{"line":515,"column":53}},"248":{"start":{"line":515,"column":26},"end":{"line":515,"column":53}},"249":{"start":{"line":516,"column":2},"end":{"line":516,"column":45}},"250":{"start":{"line":518,"column":2},"end":{"line":518,"column":62}},"251":{"start":{"line":520,"column":2},"end":{"line":561,"column":3}},"252":{"start":{"line":521,"column":16},"end":{"line":524,"column":6}},"253":{"start":{"line":526,"column":4},"end":{"line":528,"column":5}},"254":{"start":{"line":527,"column":6},"end":{"line":527,"column":79}},"255":{"start":{"line":530,"column":4},"end":{"line":530,"column":36}},"256":{"start":{"line":532,"column":17},"end":{"line":532,"column":19}},"257":{"start":{"line":533,"column":19},"end":{"line":533,"column":39}},"258":{"start":{"line":534,"column":20},"end":{"line":534,"column":37}},"259":{"start":{"line":536,"column":4},"end":{"line":555,"column":5}},"260":{"start":{"line":537,"column":30},"end":{"line":537,"column":49}},"261":{"start":{"line":538,"column":6},"end":{"line":538,"column":22}},"262":{"start":{"line":538,"column":16},"end":{"line":538,"column":22}},"263":{"start":{"line":540,"column":6},"end":{"line":540,"column":56}},"264":{"start":{"line":541,"column":20},"end":{"line":541,"column":38}},"265":{"start":{"line":542,"column":6},"end":{"line":542,"column":27}},"266":{"start":{"line":544,"column":6},"end":{"line":554,"column":7}},"267":{"start":{"line":545,"column":8},"end":{"line":545,"column":48}},"268":{"start":{"line":545,"column":39},"end":{"line":545,"column":48}},"269":{"start":{"line":546,"column":20},"end":{"line":546,"column":40}},"270":{"start":{"line":547,"column":8},"end":{"line":547,"column":27}},"271":{"start":{"line":547,"column":18},"end":{"line":547,"column":27}},"272":{"start":{"line":548,"column":8},"end":{"line":553,"column":9}},"273":{"start":{"line":549,"column":24},"end":{"line":549,"column":39}},"274":{"start":{"line":550,"column":10},"end":{"line":550,"column":31}},"275":{"start":{"line":552,"column":10},"end":{"line":552,"column":89}},"276":{"start":{"line":557,"column":4},"end":{"line":557,"column":55}},"277":{"start":{"line":559,"column":4},"end":{"line":559,"column":42}},"278":{"start":{"line":559,"column":35},"end":{"line":559,"column":42}},"279":{"start":{"line":560,"column":4},"end":{"line":560,"column":97}},"280":{"start":{"line":563,"column":2},"end":{"line":563,"column":49}},"281":{"start":{"line":568,"column":0},"end":{"line":733,"column":1}},"282":{"start":{"line":569,"column":0},"end":{"line":654,"column":3}},"283":{"start":{"line":570,"column":17},"end":{"line":570,"column":40}},"284":{"start":{"line":571,"column":15},"end":{"line":571,"column":31}},"285":{"start":{"line":572,"column":20},"end":{"line":572,"column":45}},"286":{"start":{"line":575,"column":2},"end":{"line":575,"column":52}},"287":{"start":{"line":577,"column":2},"end":{"line":577,"column":22}},"288":{"start":{"line":577,"column":15},"end":{"line":577,"column":22}},"289":{"start":{"line":578,"column":16},"end":{"line":578,"column":32}},"290":{"start":{"line":581,"column":2},"end":{"line":613,"column":3}},"291":{"start":{"line":582,"column":18},"end":{"line":582,"column":33}},"292":{"start":{"line":583,"column":18},"end":{"line":583,"column":26}},"293":{"start":{"line":584,"column":22},"end":{"line":584,"column":30}},"294":{"start":{"line":587,"column":4},"end":{"line":590,"column":5}},"295":{"start":{"line":588,"column":6},"end":{"line":588,"column":50}},"296":{"start":{"line":589,"column":6},"end":{"line":589,"column":37}},"297":{"start":{"line":594,"column":6},"end":{"line":596,"column":16}},"298":{"start":{"line":598,"column":4},"end":{"line":601,"column":23}},"299":{"start":{"line":602,"column":4},"end":{"line":602,"column":61}},"300":{"start":{"line":605,"column":4},"end":{"line":611,"column":5}},"301":{"start":{"line":606,"column":6},"end":{"line":606,"column":46}},"302":{"start":{"line":607,"column":6},"end":{"line":607,"column":26}},"303":{"start":{"line":609,"column":6},"end":{"line":609,"column":66}},"304":{"start":{"line":610,"column":6},"end":{"line":610,"column":106}},"305":{"start":{"line":612,"column":4},"end":{"line":612,"column":11}},"306":{"start":{"line":616,"column":2},"end":{"line":653,"column":3}},"307":{"start":{"line":618,"column":18},"end":{"line":618,"column":33}},"308":{"start":{"line":619,"column":22},"end":{"line":619,"column":30}},"309":{"start":{"line":620,"column":24},"end":{"line":620,"column":46}},"310":{"start":{"line":621,"column":22},"end":{"line":621,"column":44}},"311":{"start":{"line":624,"column":4},"end":{"line":646,"column":5}},"312":{"start":{"line":625,"column":6},"end":{"line":628,"column":7}},"313":{"start":{"line":627,"column":8},"end":{"line":627,"column":15}},"314":{"start":{"line":630,"column":16},"end":{"line":630,"column":58}},"315":{"start":{"line":631,"column":21},"end":{"line":631,"column":54}},"316":{"start":{"line":632,"column":6},"end":{"line":635,"column":7}},"317":{"start":{"line":633,"column":8},"end":{"line":633,"column":85}},"318":{"start":{"line":634,"column":8},"end":{"line":634,"column":15}},"319":{"start":{"line":636,"column":20},"end":{"line":636,"column":32}},"320":{"start":{"line":638,"column":6},"end":{"line":641,"column":25}},"321":{"start":{"line":642,"column":6},"end":{"line":642,"column":104}},"322":{"start":{"line":644,"column":6},"end":{"line":644,"column":49}},"323":{"start":{"line":645,"column":6},"end":{"line":645,"column":13}},"324":{"start":{"line":651,"column":4},"end":{"line":651,"column":120}},"325":{"start":{"line":652,"column":4},"end":{"line":652,"column":11}},"326":{"start":{"line":658,"column":0},"end":{"line":671,"column":3}},"327":{"start":{"line":659,"column":17},"end":{"line":659,"column":28}},"328":{"start":{"line":660,"column":16},"end":{"line":660,"column":32}},"329":{"start":{"line":661,"column":2},"end":{"line":664,"column":3}},"330":{"start":{"line":662,"column":4},"end":{"line":662,"column":97}},"331":{"start":{"line":663,"column":4},"end":{"line":663,"column":11}},"332":{"start":{"line":665,"column":2},"end":{"line":670,"column":3}},"333":{"start":{"line":666,"column":4},"end":{"line":666,"column":32}},"334":{"start":{"line":667,"column":4},"end":{"line":667,"column":93}},"335":{"start":{"line":669,"column":4},"end":{"line":669,"column":110}},"336":{"start":{"line":673,"column":0},"end":{"line":698,"column":3}},"337":{"start":{"line":674,"column":17},"end":{"line":674,"column":28}},"338":{"start":{"line":675,"column":16},"end":{"line":675,"column":32}},"339":{"start":{"line":678,"column":2},"end":{"line":678,"column":21}},"340":{"start":{"line":679,"column":2},"end":{"line":682,"column":3}},"341":{"start":{"line":680,"column":4},"end":{"line":680,"column":48}},"342":{"start":{"line":681,"column":4},"end":{"line":681,"column":35}},"343":{"start":{"line":683,"column":2},"end":{"line":686,"column":3}},"344":{"start":{"line":684,"column":4},"end":{"line":684,"column":44}},"345":{"start":{"line":685,"column":4},"end":{"line":685,"column":31}},"346":{"start":{"line":687,"column":2},"end":{"line":687,"column":61}},"347":{"start":{"line":687,"column":23},"end":{"line":687,"column":61}},"348":{"start":{"line":688,"column":2},"end":{"line":688,"column":25}},"349":{"start":{"line":689,"column":2},"end":{"line":689,"column":21}},"350":{"start":{"line":690,"column":2},"end":{"line":690,"column":26}},"351":{"start":{"line":692,"column":2},"end":{"line":697,"column":3}},"352":{"start":{"line":693,"column":4},"end":{"line":693,"column":32}},"353":{"start":{"line":694,"column":4},"end":{"line":694,"column":62}},"354":{"start":{"line":696,"column":4},"end":{"line":696,"column":78}},"355":{"start":{"line":700,"column":0},"end":{"line":714,"column":3}},"356":{"start":{"line":701,"column":17},"end":{"line":701,"column":28}},"357":{"start":{"line":702,"column":16},"end":{"line":702,"column":32}},"358":{"start":{"line":703,"column":2},"end":{"line":706,"column":3}},"359":{"start":{"line":704,"column":4},"end":{"line":704,"column":67}},"360":{"start":{"line":705,"column":4},"end":{"line":705,"column":11}},"361":{"start":{"line":707,"column":2},"end":{"line":713,"column":3}},"362":{"start":{"line":708,"column":4},"end":{"line":708,"column":67}},"363":{"start":{"line":709,"column":4},"end":{"line":709,"column":48}},"364":{"start":{"line":712,"column":4},"end":{"line":712,"column":69}},"365":{"start":{"line":716,"column":0},"end":{"line":722,"column":3}},"366":{"start":{"line":717,"column":2},"end":{"line":721,"column":4}},"367":{"start":{"line":724,"column":0},"end":{"line":732,"column":3}},"368":{"start":{"line":725,"column":17},"end":{"line":725,"column":28}},"369":{"start":{"line":726,"column":15},"end":{"line":726,"column":23}},"370":{"start":{"line":729,"column":2},"end":{"line":729,"column":44}},"371":{"start":{"line":729,"column":37},"end":{"line":729,"column":44}},"372":{"start":{"line":731,"column":2},"end":{"line":731,"column":40}},"373":{"start":{"line":744,"column":2},"end":{"line":771,"column":3}},"374":{"start":{"line":745,"column":21},"end":{"line":745,"column":53}},"375":{"start":{"line":746,"column":4},"end":{"line":746,"column":41}},"376":{"start":{"line":746,"column":34},"end":{"line":746,"column":41}},"377":{"start":{"line":747,"column":4},"end":{"line":768,"column":5}},"378":{"start":{"line":748,"column":20},"end":{"line":748,"column":71}},"379":{"start":{"line":749,"column":6},"end":{"line":749,"column":27}},"380":{"start":{"line":749,"column":18},"end":{"line":749,"column":27}},"381":{"start":{"line":750,"column":21},"end":{"line":750,"column":43}},"382":{"start":{"line":751,"column":6},"end":{"line":751,"column":38}},"383":{"start":{"line":752,"column":20},"end":{"line":752,"column":36}},"384":{"start":{"line":753,"column":6},"end":{"line":767,"column":7}},"385":{"start":{"line":754,"column":8},"end":{"line":754,"column":31}},"386":{"start":{"line":756,"column":32},"end":{"line":759,"column":10}},"387":{"start":{"line":757,"column":20},"end":{"line":757,"column":71}},"388":{"start":{"line":758,"column":10},"end":{"line":758,"column":52}},"389":{"start":{"line":760,"column":23},"end":{"line":762,"column":9}},"390":{"start":{"line":761,"column":10},"end":{"line":761,"column":65}},"391":{"start":{"line":763,"column":8},"end":{"line":763,"column":36}},"392":{"start":{"line":764,"column":8},"end":{"line":766,"column":9}},"393":{"start":{"line":765,"column":10},"end":{"line":765,"column":43}},"394":{"start":{"line":770,"column":4},"end":{"line":770,"column":56}},"395":{"start":{"line":776,"column":0},"end":{"line":798,"column":1}},"396":{"start":{"line":778,"column":2},"end":{"line":780,"column":5}},"397":{"start":{"line":779,"column":4},"end":{"line":779,"column":65}},"398":{"start":{"line":781,"column":2},"end":{"line":783,"column":5}},"399":{"start":{"line":782,"column":4},"end":{"line":782,"column":50}},"400":{"start":{"line":786,"column":2},"end":{"line":791,"column":5}},"401":{"start":{"line":787,"column":4},"end":{"line":787,"column":48}},"402":{"start":{"line":788,"column":4},"end":{"line":788,"column":55}},"403":{"start":{"line":788,"column":28},"end":{"line":788,"column":55}},"404":{"start":{"line":789,"column":4},"end":{"line":789,"column":22}},"405":{"start":{"line":790,"column":4},"end":{"line":790,"column":20}},"406":{"start":{"line":793,"column":2},"end":{"line":793,"column":54}},"407":{"start":{"line":794,"column":2},"end":{"line":794,"column":56}},"408":{"start":{"line":797,"column":2},"end":{"line":797,"column":47}},"409":{"start":{"line":797,"column":33},"end":{"line":797,"column":45}},"410":{"start":{"line":801,"column":0},"end":{"line":843,"column":1}},"411":{"start":{"line":802,"column":2},"end":{"line":842,"column":4}}},"fnMap":{"0":{"name":"setBotInstance","decl":{"start":{"line":34,"column":9},"end":{"line":34,"column":23}},"loc":{"start":{"line":34,"column":33},"end":{"line":36,"column":1}},"line":34},"1":{"name":"getState","decl":{"start":{"line":56,"column":9},"end":{"line":56,"column":17}},"loc":{"start":{"line":56,"column":26},"end":{"line":68,"column":1}},"line":56},"2":{"name":"authHeader","decl":{"start":{"line":75,"column":9},"end":{"line":75,"column":19}},"loc":{"start":{"line":75,"column":22},"end":{"line":79,"column":1}},"line":75},"3":{"name":"ocFetch","decl":{"start":{"line":81,"column":15},"end":{"line":81,"column":22}},"loc":{"start":{"line":81,"column":43},"end":{"line":94,"column":1}},"line":81},"4":{"name":"createSession","decl":{"start":{"line":96,"column":15},"end":{"line":96,"column":28}},"loc":{"start":{"line":96,"column":37},"end":{"line":101,"column":1}},"line":96},"5":{"name":"sendPromptAsync","decl":{"start":{"line":103,"column":15},"end":{"line":103,"column":30}},"loc":{"start":{"line":103,"column":48},"end":{"line":108,"column":1}},"line":103},"6":{"name":"replyPermission","decl":{"start":{"line":110,"column":15},"end":{"line":110,"column":30}},"loc":{"start":{"line":110,"column":49},"end":{"line":112,"column":1}},"line":110},"7":{"name":"replyQuestion","decl":{"start":{"line":114,"column":15},"end":{"line":114,"column":28}},"loc":{"start":{"line":114,"column":49},"end":{"line":116,"column":1}},"line":114},"8":{"name":"rejectQuestion","decl":{"start":{"line":118,"column":15},"end":{"line":118,"column":29}},"loc":{"start":{"line":118,"column":41},"end":{"line":120,"column":1}},"line":118},"9":{"name":"fetchLastAssistantText","decl":{"start":{"line":123,"column":15},"end":{"line":123,"column":37}},"loc":{"start":{"line":123,"column":49},"end":{"line":135,"column":1}},"line":123},"10":{"name":"(anonymous_10)","decl":{"start":{"line":126,"column":37},"end":{"line":126,"column":38}},"loc":{"start":{"line":126,"column":44},"end":{"line":126,"column":71}},"line":126},"11":{"name":"(anonymous_11)","decl":{"start":{"line":130,"column":12},"end":{"line":130,"column":13}},"loc":{"start":{"line":130,"column":19},"end":{"line":130,"column":66}},"line":130},"12":{"name":"(anonymous_12)","decl":{"start":{"line":131,"column":9},"end":{"line":131,"column":10}},"loc":{"start":{"line":131,"column":16},"end":{"line":131,"column":22}},"line":131},"13":{"name":"startTyping","decl":{"start":{"line":139,"column":9},"end":{"line":139,"column":20}},"loc":{"start":{"line":139,"column":29},"end":{"line":148,"column":1}},"line":139},"14":{"name":"(anonymous_14)","decl":{"start":{"line":142,"column":15},"end":{"line":142,"column":16}},"loc":{"start":{"line":142,"column":21},"end":{"line":145,"column":3}},"line":142},"15":{"name":"(anonymous_15)","decl":{"start":{"line":143,"column":47},"end":{"line":143,"column":48}},"loc":{"start":{"line":143,"column":53},"end":{"line":143,"column":55}},"line":143},"16":{"name":"(anonymous_16)","decl":{"start":{"line":146,"column":45},"end":{"line":146,"column":46}},"loc":{"start":{"line":146,"column":51},"end":{"line":146,"column":53}},"line":146},"17":{"name":"stopTyping","decl":{"start":{"line":150,"column":9},"end":{"line":150,"column":19}},"loc":{"start":{"line":150,"column":28},"end":{"line":156,"column":1}},"line":150},"18":{"name":"sendLong","decl":{"start":{"line":160,"column":15},"end":{"line":160,"column":23}},"loc":{"start":{"line":160,"column":49},"end":{"line":170,"column":1}},"line":160},"19":{"name":"(anonymous_19)","decl":{"start":{"line":166,"column":53},"end":{"line":166,"column":54}},"loc":{"start":{"line":166,"column":62},"end":{"line":168,"column":5}},"line":166},"20":{"name":"ensureSession","decl":{"start":{"line":174,"column":15},"end":{"line":174,"column":28}},"loc":{"start":{"line":174,"column":37},"end":{"line":181,"column":1}},"line":174},"21":{"name":"handleUserMessage","decl":{"start":{"line":185,"column":15},"end":{"line":185,"column":32}},"loc":{"start":{"line":185,"column":47},"end":{"line":215,"column":1}},"line":185},"22":{"name":"(anonymous_22)","decl":{"start":{"line":198,"column":109},"end":{"line":198,"column":110}},"loc":{"start":{"line":198,"column":115},"end":{"line":198,"column":117}},"line":198},"23":{"name":"drainQueue","decl":{"start":{"line":219,"column":15},"end":{"line":219,"column":25}},"loc":{"start":{"line":219,"column":34},"end":{"line":224,"column":1}},"line":219},"24":{"name":"handlePermissionAsked","decl":{"start":{"line":228,"column":15},"end":{"line":228,"column":36}},"loc":{"start":{"line":228,"column":50},"end":{"line":281,"column":1}},"line":228},"25":{"name":"(anonymous_25)","decl":{"start":{"line":261,"column":11},"end":{"line":261,"column":12}},"loc":{"start":{"line":261,"column":20},"end":{"line":264,"column":3}},"line":261},"26":{"name":"(anonymous_26)","decl":{"start":{"line":269,"column":27},"end":{"line":269,"column":28}},"loc":{"start":{"line":269,"column":39},"end":{"line":277,"column":3}},"line":269},"27":{"name":"(anonymous_27)","decl":{"start":{"line":274,"column":55},"end":{"line":274,"column":56}},"loc":{"start":{"line":274,"column":61},"end":{"line":274,"column":63}},"line":274},"28":{"name":"handleQuestionAsked","decl":{"start":{"line":285,"column":15},"end":{"line":285,"column":34}},"loc":{"start":{"line":285,"column":48},"end":{"line":322,"column":1}},"line":285},"29":{"name":"(anonymous_29)","decl":{"start":{"line":300,"column":42},"end":{"line":300,"column":43}},"loc":{"start":{"line":300,"column":48},"end":{"line":300,"column":50}},"line":300},"30":{"name":"(anonymous_30)","decl":{"start":{"line":311,"column":22},"end":{"line":311,"column":23}},"loc":{"start":{"line":311,"column":34},"end":{"line":318,"column":5}},"line":311},"31":{"name":"(anonymous_31)","decl":{"start":{"line":316,"column":44},"end":{"line":316,"column":45}},"loc":{"start":{"line":316,"column":50},"end":{"line":316,"column":52}},"line":316},"32":{"name":"(anonymous_32)","decl":{"start":{"line":317,"column":78},"end":{"line":317,"column":79}},"loc":{"start":{"line":317,"column":84},"end":{"line":317,"column":86}},"line":317},"33":{"name":"askCurrentQuestion","decl":{"start":{"line":324,"column":15},"end":{"line":324,"column":33}},"loc":{"start":{"line":324,"column":42},"end":{"line":359,"column":1}},"line":324},"34":{"name":"(anonymous_34)","decl":{"start":{"line":340,"column":31},"end":{"line":340,"column":32}},"loc":{"start":{"line":340,"column":48},"end":{"line":345,"column":5}},"line":340},"35":{"name":"(anonymous_35)","decl":{"start":{"line":354,"column":13},"end":{"line":354,"column":14}},"loc":{"start":{"line":354,"column":22},"end":{"line":354,"column":85}},"line":354},"36":{"name":"(anonymous_36)","decl":{"start":{"line":357,"column":74},"end":{"line":357,"column":75}},"loc":{"start":{"line":357,"column":80},"end":{"line":357,"column":82}},"line":357},"37":{"name":"handleCustomQuestionAnswer","decl":{"start":{"line":361,"column":15},"end":{"line":361,"column":41}},"loc":{"start":{"line":361,"column":56},"end":{"line":374,"column":1}},"line":361},"38":{"name":"(anonymous_38)","decl":{"start":{"line":369,"column":83},"end":{"line":369,"column":84}},"loc":{"start":{"line":369,"column":89},"end":{"line":369,"column":91}},"line":369},"39":{"name":"advanceQuestionAnswer","decl":{"start":{"line":376,"column":15},"end":{"line":376,"column":36}},"loc":{"start":{"line":376,"column":60},"end":{"line":402,"column":1}},"line":376},"40":{"name":"(anonymous_40)","decl":{"start":{"line":395,"column":80},"end":{"line":395,"column":81}},"loc":{"start":{"line":395,"column":86},"end":{"line":395,"column":88}},"line":395},"41":{"name":"(anonymous_41)","decl":{"start":{"line":399,"column":86},"end":{"line":399,"column":87}},"loc":{"start":{"line":399,"column":92},"end":{"line":399,"column":94}},"line":399},"42":{"name":"handleSessionIdle","decl":{"start":{"line":406,"column":15},"end":{"line":406,"column":32}},"loc":{"start":{"line":406,"column":52},"end":{"line":436,"column":1}},"line":406},"43":{"name":"(anonymous_43)","decl":{"start":{"line":427,"column":61},"end":{"line":427,"column":62}},"loc":{"start":{"line":427,"column":67},"end":{"line":427,"column":69}},"line":427},"44":{"name":"(anonymous_44)","decl":{"start":{"line":431,"column":113},"end":{"line":431,"column":114}},"loc":{"start":{"line":431,"column":119},"end":{"line":431,"column":121}},"line":431},"45":{"name":"handleSessionError","decl":{"start":{"line":440,"column":15},"end":{"line":440,"column":33}},"loc":{"start":{"line":440,"column":49},"end":{"line":459,"column":1}},"line":440},"46":{"name":"(anonymous_46)","decl":{"start":{"line":456,"column":93},"end":{"line":456,"column":94}},"loc":{"start":{"line":456,"column":99},"end":{"line":456,"column":101}},"line":456},"47":{"name":"dispatchEvent","decl":{"start":{"line":463,"column":9},"end":{"line":463,"column":22}},"loc":{"start":{"line":463,"column":30},"end":{"line":508,"column":1}},"line":463},"48":{"name":"(anonymous_48)","decl":{"start":{"line":471,"column":49},"end":{"line":471,"column":50}},"loc":{"start":{"line":472,"column":8},"end":{"line":472,"column":65}},"line":472},"49":{"name":"(anonymous_49)","decl":{"start":{"line":480,"column":47},"end":{"line":480,"column":48}},"loc":{"start":{"line":481,"column":8},"end":{"line":481,"column":63}},"line":481},"50":{"name":"(anonymous_50)","decl":{"start":{"line":489,"column":55},"end":{"line":489,"column":56}},"loc":{"start":{"line":490,"column":8},"end":{"line":490,"column":61}},"line":490},"51":{"name":"(anonymous_51)","decl":{"start":{"line":498,"column":52},"end":{"line":498,"column":53}},"loc":{"start":{"line":499,"column":8},"end":{"line":499,"column":62}},"line":499},"52":{"name":"connectSSE","decl":{"start":{"line":514,"column":15},"end":{"line":514,"column":25}},"loc":{"start":{"line":514,"column":28},"end":{"line":564,"column":1}},"line":514},"53":{"name":"(anonymous_53)","decl":{"start":{"line":569,"column":25},"end":{"line":569,"column":26}},"loc":{"start":{"line":569,"column":42},"end":{"line":654,"column":1}},"line":569},"54":{"name":"(anonymous_54)","decl":{"start":{"line":575,"column":42},"end":{"line":575,"column":43}},"loc":{"start":{"line":575,"column":48},"end":{"line":575,"column":50}},"line":575},"55":{"name":"(anonymous_55)","decl":{"start":{"line":601,"column":13},"end":{"line":601,"column":14}},"loc":{"start":{"line":601,"column":19},"end":{"line":601,"column":21}},"line":601},"56":{"name":"(anonymous_56)","decl":{"start":{"line":602,"column":51},"end":{"line":602,"column":52}},"loc":{"start":{"line":602,"column":57},"end":{"line":602,"column":59}},"line":602},"57":{"name":"(anonymous_57)","decl":{"start":{"line":610,"column":96},"end":{"line":610,"column":97}},"loc":{"start":{"line":610,"column":102},"end":{"line":610,"column":104}},"line":610},"58":{"name":"(anonymous_58)","decl":{"start":{"line":633,"column":75},"end":{"line":633,"column":76}},"loc":{"start":{"line":633,"column":81},"end":{"line":633,"column":83}},"line":633},"59":{"name":"(anonymous_59)","decl":{"start":{"line":641,"column":15},"end":{"line":641,"column":16}},"loc":{"start":{"line":641,"column":21},"end":{"line":641,"column":23}},"line":641},"60":{"name":"(anonymous_60)","decl":{"start":{"line":642,"column":94},"end":{"line":642,"column":95}},"loc":{"start":{"line":642,"column":100},"end":{"line":642,"column":102}},"line":642},"61":{"name":"(anonymous_61)","decl":{"start":{"line":651,"column":110},"end":{"line":651,"column":111}},"loc":{"start":{"line":651,"column":116},"end":{"line":651,"column":118}},"line":651},"62":{"name":"(anonymous_62)","decl":{"start":{"line":658,"column":22},"end":{"line":658,"column":23}},"loc":{"start":{"line":658,"column":37},"end":{"line":671,"column":1}},"line":658},"63":{"name":"(anonymous_63)","decl":{"start":{"line":673,"column":20},"end":{"line":673,"column":21}},"loc":{"start":{"line":673,"column":35},"end":{"line":698,"column":1}},"line":673},"64":{"name":"(anonymous_64)","decl":{"start":{"line":700,"column":22},"end":{"line":700,"column":23}},"loc":{"start":{"line":700,"column":37},"end":{"line":714,"column":1}},"line":700},"65":{"name":"(anonymous_65)","decl":{"start":{"line":716,"column":21},"end":{"line":716,"column":22}},"loc":{"start":{"line":716,"column":36},"end":{"line":722,"column":1}},"line":716},"66":{"name":"(anonymous_66)","decl":{"start":{"line":724,"column":18},"end":{"line":724,"column":19}},"loc":{"start":{"line":724,"column":33},"end":{"line":732,"column":1}},"line":724},"67":{"name":"rehydrateSessions","decl":{"start":{"line":743,"column":15},"end":{"line":743,"column":32}},"loc":{"start":{"line":743,"column":35},"end":{"line":772,"column":1}},"line":743},"68":{"name":"(anonymous_68)","decl":{"start":{"line":756,"column":48},"end":{"line":756,"column":49}},"loc":{"start":{"line":756,"column":55},"end":{"line":759,"column":9}},"line":756},"69":{"name":"(anonymous_69)","decl":{"start":{"line":760,"column":46},"end":{"line":760,"column":47}},"loc":{"start":{"line":761,"column":10},"end":{"line":761,"column":65}},"line":761},"70":{"name":"(anonymous_70)","decl":{"start":{"line":778,"column":34},"end":{"line":778,"column":35}},"loc":{"start":{"line":778,"column":43},"end":{"line":780,"column":3}},"line":778},"71":{"name":"(anonymous_71)","decl":{"start":{"line":781,"column":35},"end":{"line":781,"column":36}},"loc":{"start":{"line":781,"column":47},"end":{"line":783,"column":3}},"line":781},"72":{"name":"(anonymous_72)","decl":{"start":{"line":786,"column":23},"end":{"line":786,"column":24}},"loc":{"start":{"line":786,"column":29},"end":{"line":791,"column":3}},"line":786},"73":{"name":"(anonymous_73)","decl":{"start":{"line":797,"column":27},"end":{"line":797,"column":28}},"loc":{"start":{"line":797,"column":33},"end":{"line":797,"column":45}},"line":797}},"branchMap":{"0":{"loc":{"start":{"line":8,"column":22},"end":{"line":8,"column":80}},"type":"binary-expr","locations":[{"start":{"line":8,"column":22},"end":{"line":8,"column":53}},{"start":{"line":8,"column":57},"end":{"line":8,"column":80}}],"line":8},"1":{"loc":{"start":{"line":9,"column":16},"end":{"line":9,"column":66}},"type":"binary-expr","locations":[{"start":{"line":9,"column":16},"end":{"line":9,"column":52}},{"start":{"line":9,"column":56},"end":{"line":9,"column":66}}],"line":9},"2":{"loc":{"start":{"line":10,"column":16},"end":{"line":10,"column":58}},"type":"binary-expr","locations":[{"start":{"line":10,"column":16},"end":{"line":10,"column":52}},{"start":{"line":10,"column":56},"end":{"line":10,"column":58}}],"line":10},"3":{"loc":{"start":{"line":19,"column":0},"end":{"line":22,"column":1}},"type":"if","locations":[{"start":{"line":19,"column":0},"end":{"line":22,"column":1}},{"start":{},"end":{}}],"line":19},"4":{"loc":{"start":{"line":19,"column":4},"end":{"line":19,"column":72}},"type":"binary-expr","locations":[{"start":{"line":19,"column":4},"end":{"line":19,"column":19}},{"start":{"line":19,"column":23},"end":{"line":19,"column":72}}],"line":19},"5":{"loc":{"start":{"line":27,"column":0},"end":{"line":32,"column":1}},"type":"if","locations":[{"start":{"line":27,"column":0},"end":{"line":32,"column":1}},{"start":{"line":29,"column":7},"end":{"line":32,"column":1}}],"line":27},"6":{"loc":{"start":{"line":57,"column":2},"end":{"line":66,"column":3}},"type":"if","locations":[{"start":{"line":57,"column":2},"end":{"line":66,"column":3}},{"start":{},"end":{}}],"line":57},"7":{"loc":{"start":{"line":76,"column":2},"end":{"line":76,"column":26}},"type":"if","locations":[{"start":{"line":76,"column":2},"end":{"line":76,"column":26}},{"start":{},"end":{}}],"line":76},"8":{"loc":{"start":{"line":85,"column":10},"end":{"line":85,"column":63}},"type":"cond-expr","locations":[{"start":{"line":85,"column":31},"end":{"line":85,"column":51}},{"start":{"line":85,"column":54},"end":{"line":85,"column":63}}],"line":85},"9":{"loc":{"start":{"line":88,"column":2},"end":{"line":88,"column":66}},"type":"if","locations":[{"start":{"line":88,"column":2},"end":{"line":88,"column":66}},{"start":{},"end":{}}],"line":88},"10":{"loc":{"start":{"line":127,"column":2},"end":{"line":127,"column":38}},"type":"if","locations":[{"start":{"line":127,"column":2},"end":{"line":127,"column":38}},{"start":{},"end":{}}],"line":127},"11":{"loc":{"start":{"line":130,"column":19},"end":{"line":130,"column":66}},"type":"binary-expr","locations":[{"start":{"line":130,"column":19},"end":{"line":130,"column":36}},{"start":{"line":130,"column":40},"end":{"line":130,"column":52}},{"start":{"line":130,"column":56},"end":{"line":130,"column":66}}],"line":130},"12":{"loc":{"start":{"line":134,"column":9},"end":{"line":134,"column":21}},"type":"binary-expr","locations":[{"start":{"line":134,"column":9},"end":{"line":134,"column":13}},{"start":{"line":134,"column":17},"end":{"line":134,"column":21}}],"line":134},"13":{"loc":{"start":{"line":141,"column":2},"end":{"line":141,"column":32}},"type":"if","locations":[{"start":{"line":141,"column":2},"end":{"line":141,"column":32}},{"start":{},"end":{}}],"line":141},"14":{"loc":{"start":{"line":152,"column":2},"end":{"line":155,"column":3}},"type":"if","locations":[{"start":{"line":152,"column":2},"end":{"line":155,"column":3}},{"start":{},"end":{}}],"line":152},"15":{"loc":{"start":{"line":160,"column":38},"end":{"line":160,"column":47}},"type":"default-arg","locations":[{"start":{"line":160,"column":45},"end":{"line":160,"column":47}}],"line":160},"16":{"loc":{"start":{"line":162,"column":2},"end":{"line":162,"column":36}},"type":"if","locations":[{"start":{"line":162,"column":2},"end":{"line":162,"column":36}},{"start":{},"end":{}}],"line":162},"17":{"loc":{"start":{"line":162,"column":6},"end":{"line":162,"column":27}},"type":"binary-expr","locations":[{"start":{"line":162,"column":6},"end":{"line":162,"column":11}},{"start":{"line":162,"column":15},"end":{"line":162,"column":27}}],"line":162},"18":{"loc":{"start":{"line":176,"column":2},"end":{"line":176,"column":46}},"type":"if","locations":[{"start":{"line":176,"column":2},"end":{"line":176,"column":46}},{"start":{},"end":{}}],"line":176},"19":{"loc":{"start":{"line":190,"column":2},"end":{"line":193,"column":3}},"type":"if","locations":[{"start":{"line":190,"column":2},"end":{"line":193,"column":3}},{"start":{},"end":{}}],"line":190},"20":{"loc":{"start":{"line":196,"column":2},"end":{"line":200,"column":3}},"type":"if","locations":[{"start":{"line":196,"column":2},"end":{"line":200,"column":3}},{"start":{},"end":{}}],"line":196},"21":{"loc":{"start":{"line":221,"column":2},"end":{"line":221,"column":41}},"type":"if","locations":[{"start":{"line":221,"column":2},"end":{"line":221,"column":41}},{"start":{},"end":{}}],"line":221},"22":{"loc":{"start":{"line":232,"column":2},"end":{"line":235,"column":3}},"type":"if","locations":[{"start":{"line":232,"column":2},"end":{"line":235,"column":3}},{"start":{},"end":{}}],"line":232},"23":{"loc":{"start":{"line":239,"column":37},"end":{"line":239,"column":50}},"type":"default-arg","locations":[{"start":{"line":239,"column":48},"end":{"line":239,"column":50}}],"line":239},"24":{"loc":{"start":{"line":243,"column":2},"end":{"line":243,"column":71}},"type":"if","locations":[{"start":{"line":243,"column":2},"end":{"line":243,"column":71}},{"start":{},"end":{}}],"line":243},"25":{"loc":{"start":{"line":244,"column":2},"end":{"line":244,"column":62}},"type":"if","locations":[{"start":{"line":244,"column":2},"end":{"line":244,"column":62}},{"start":{},"end":{}}],"line":244},"26":{"loc":{"start":{"line":245,"column":2},"end":{"line":245,"column":65}},"type":"if","locations":[{"start":{"line":245,"column":2},"end":{"line":245,"column":65}},{"start":{},"end":{}}],"line":245},"27":{"loc":{"start":{"line":266,"column":2},"end":{"line":266,"column":20}},"type":"if","locations":[{"start":{"line":266,"column":2},"end":{"line":266,"column":20}},{"start":{},"end":{}}],"line":266},"28":{"loc":{"start":{"line":289,"column":2},"end":{"line":292,"column":3}},"type":"if","locations":[{"start":{"line":289,"column":2},"end":{"line":292,"column":3}},{"start":{},"end":{}}],"line":289},"29":{"loc":{"start":{"line":298,"column":2},"end":{"line":303,"column":3}},"type":"if","locations":[{"start":{"line":298,"column":2},"end":{"line":303,"column":3}},{"start":{},"end":{}}],"line":298},"30":{"loc":{"start":{"line":298,"column":6},"end":{"line":298,"column":37}},"type":"binary-expr","locations":[{"start":{"line":298,"column":6},"end":{"line":298,"column":16}},{"start":{"line":298,"column":20},"end":{"line":298,"column":37}}],"line":298},"31":{"loc":{"start":{"line":314,"column":6},"end":{"line":314,"column":22}},"type":"if","locations":[{"start":{"line":314,"column":6},"end":{"line":314,"column":22}},{"start":{},"end":{}}],"line":314},"32":{"loc":{"start":{"line":327,"column":2},"end":{"line":327,"column":18}},"type":"if","locations":[{"start":{"line":327,"column":2},"end":{"line":327,"column":18}},{"start":{},"end":{}}],"line":327},"33":{"loc":{"start":{"line":333,"column":17},"end":{"line":333,"column":73}},"type":"cond-expr","locations":[{"start":{"line":333,"column":29},"end":{"line":333,"column":68}},{"start":{"line":333,"column":71},"end":{"line":333,"column":73}}],"line":333},"34":{"loc":{"start":{"line":337,"column":2},"end":{"line":358,"column":3}},"type":"if","locations":[{"start":{"line":337,"column":2},"end":{"line":358,"column":3}},{"start":{"line":355,"column":9},"end":{"line":358,"column":3}}],"line":337},"35":{"loc":{"start":{"line":337,"column":6},"end":{"line":337,"column":35}},"type":"binary-expr","locations":[{"start":{"line":337,"column":6},"end":{"line":337,"column":15}},{"start":{"line":337,"column":19},"end":{"line":337,"column":35}}],"line":337},"36":{"loc":{"start":{"line":349,"column":19},"end":{"line":349,"column":71}},"type":"cond-expr","locations":[{"start":{"line":349,"column":35},"end":{"line":349,"column":66}},{"start":{"line":349,"column":69},"end":{"line":349,"column":71}}],"line":349},"37":{"loc":{"start":{"line":364,"column":2},"end":{"line":364,"column":18}},"type":"if","locations":[{"start":{"line":364,"column":2},"end":{"line":364,"column":18}},{"start":{},"end":{}}],"line":364},"38":{"loc":{"start":{"line":368,"column":2},"end":{"line":371,"column":3}},"type":"if","locations":[{"start":{"line":368,"column":2},"end":{"line":371,"column":3}},{"start":{},"end":{}}],"line":368},"39":{"loc":{"start":{"line":379,"column":2},"end":{"line":379,"column":18}},"type":"if","locations":[{"start":{"line":379,"column":2},"end":{"line":379,"column":18}},{"start":{},"end":{}}],"line":379},"40":{"loc":{"start":{"line":385,"column":2},"end":{"line":401,"column":3}},"type":"if","locations":[{"start":{"line":385,"column":2},"end":{"line":401,"column":3}},{"start":{"line":388,"column":9},"end":{"line":401,"column":3}}],"line":385},"41":{"loc":{"start":{"line":412,"column":2},"end":{"line":415,"column":3}},"type":"if","locations":[{"start":{"line":412,"column":2},"end":{"line":415,"column":3}},{"start":{},"end":{}}],"line":412},"42":{"loc":{"start":{"line":416,"column":2},"end":{"line":419,"column":3}},"type":"if","locations":[{"start":{"line":416,"column":2},"end":{"line":419,"column":3}},{"start":{},"end":{}}],"line":416},"43":{"loc":{"start":{"line":424,"column":4},"end":{"line":428,"column":5}},"type":"if","locations":[{"start":{"line":424,"column":4},"end":{"line":428,"column":5}},{"start":{"line":426,"column":11},"end":{"line":428,"column":5}}],"line":424},"44":{"loc":{"start":{"line":445,"column":2},"end":{"line":448,"column":3}},"type":"if","locations":[{"start":{"line":445,"column":2},"end":{"line":448,"column":3}},{"start":{},"end":{}}],"line":445},"45":{"loc":{"start":{"line":449,"column":2},"end":{"line":452,"column":3}},"type":"if","locations":[{"start":{"line":449,"column":2},"end":{"line":452,"column":3}},{"start":{},"end":{}}],"line":449},"46":{"loc":{"start":{"line":454,"column":15},"end":{"line":454,"column":37}},"type":"binary-expr","locations":[{"start":{"line":454,"column":15},"end":{"line":454,"column":26}},{"start":{"line":454,"column":30},"end":{"line":454,"column":37}}],"line":454},"47":{"loc":{"start":{"line":455,"column":18},"end":{"line":455,"column":81}},"type":"binary-expr","locations":[{"start":{"line":455,"column":18},"end":{"line":455,"column":38}},{"start":{"line":455,"column":42},"end":{"line":455,"column":56}},{"start":{"line":455,"column":60},"end":{"line":455,"column":81}}],"line":455},"48":{"loc":{"start":{"line":465,"column":16},"end":{"line":465,"column":48}},"type":"binary-expr","locations":[{"start":{"line":465,"column":16},"end":{"line":465,"column":42}},{"start":{"line":465,"column":46},"end":{"line":465,"column":48}}],"line":465},"49":{"loc":{"start":{"line":467,"column":2},"end":{"line":507,"column":3}},"type":"switch","locations":[{"start":{"line":468,"column":4},"end":{"line":475,"column":5}},{"start":{"line":477,"column":4},"end":{"line":484,"column":5}},{"start":{"line":486,"column":4},"end":{"line":493,"column":5}},{"start":{"line":495,"column":4},"end":{"line":502,"column":5}},{"start":{"line":505,"column":4},"end":{"line":506,"column":12}}],"line":467},"50":{"loc":{"start":{"line":470,"column":6},"end":{"line":470,"column":26}},"type":"if","locations":[{"start":{"line":470,"column":6},"end":{"line":470,"column":26}},{"start":{},"end":{}}],"line":470},"51":{"loc":{"start":{"line":479,"column":6},"end":{"line":479,"column":26}},"type":"if","locations":[{"start":{"line":479,"column":6},"end":{"line":479,"column":26}},{"start":{},"end":{}}],"line":479},"52":{"loc":{"start":{"line":488,"column":6},"end":{"line":488,"column":26}},"type":"if","locations":[{"start":{"line":488,"column":6},"end":{"line":488,"column":26}},{"start":{},"end":{}}],"line":488},"53":{"loc":{"start":{"line":497,"column":6},"end":{"line":497,"column":26}},"type":"if","locations":[{"start":{"line":497,"column":6},"end":{"line":497,"column":26}},{"start":{},"end":{}}],"line":497},"54":{"loc":{"start":{"line":515,"column":2},"end":{"line":515,"column":53}},"type":"if","locations":[{"start":{"line":515,"column":2},"end":{"line":515,"column":53}},{"start":{},"end":{}}],"line":515},"55":{"loc":{"start":{"line":526,"column":4},"end":{"line":528,"column":5}},"type":"if","locations":[{"start":{"line":526,"column":4},"end":{"line":528,"column":5}},{"start":{},"end":{}}],"line":526},"56":{"loc":{"start":{"line":538,"column":6},"end":{"line":538,"column":22}},"type":"if","locations":[{"start":{"line":538,"column":6},"end":{"line":538,"column":22}},{"start":{},"end":{}}],"line":538},"57":{"loc":{"start":{"line":545,"column":8},"end":{"line":545,"column":48}},"type":"if","locations":[{"start":{"line":545,"column":8},"end":{"line":545,"column":48}},{"start":{},"end":{}}],"line":545},"58":{"loc":{"start":{"line":547,"column":8},"end":{"line":547,"column":27}},"type":"if","locations":[{"start":{"line":547,"column":8},"end":{"line":547,"column":27}},{"start":{},"end":{}}],"line":547},"59":{"loc":{"start":{"line":559,"column":4},"end":{"line":559,"column":42}},"type":"if","locations":[{"start":{"line":559,"column":4},"end":{"line":559,"column":42}},{"start":{},"end":{}}],"line":559},"60":{"loc":{"start":{"line":568,"column":0},"end":{"line":733,"column":1}},"type":"if","locations":[{"start":{"line":568,"column":0},"end":{"line":733,"column":1}},{"start":{},"end":{}}],"line":568},"61":{"loc":{"start":{"line":571,"column":15},"end":{"line":571,"column":31}},"type":"binary-expr","locations":[{"start":{"line":571,"column":15},"end":{"line":571,"column":25}},{"start":{"line":571,"column":29},"end":{"line":571,"column":31}}],"line":571},"62":{"loc":{"start":{"line":577,"column":2},"end":{"line":577,"column":22}},"type":"if","locations":[{"start":{"line":577,"column":2},"end":{"line":577,"column":22}},{"start":{},"end":{}}],"line":577},"63":{"loc":{"start":{"line":581,"column":2},"end":{"line":613,"column":3}},"type":"if","locations":[{"start":{"line":581,"column":2},"end":{"line":613,"column":3}},{"start":{},"end":{}}],"line":581},"64":{"loc":{"start":{"line":587,"column":4},"end":{"line":590,"column":5}},"type":"if","locations":[{"start":{"line":587,"column":4},"end":{"line":590,"column":5}},{"start":{},"end":{}}],"line":587},"65":{"loc":{"start":{"line":587,"column":8},"end":{"line":587,"column":82}},"type":"binary-expr","locations":[{"start":{"line":587,"column":8},"end":{"line":587,"column":31}},{"start":{"line":587,"column":35},"end":{"line":587,"column":82}}],"line":587},"66":{"loc":{"start":{"line":594,"column":6},"end":{"line":596,"column":16}},"type":"cond-expr","locations":[{"start":{"line":594,"column":25},"end":{"line":594,"column":43}},{"start":{"line":595,"column":6},"end":{"line":596,"column":16}}],"line":594},"67":{"loc":{"start":{"line":595,"column":6},"end":{"line":596,"column":16}},"type":"cond-expr","locations":[{"start":{"line":595,"column":27},"end":{"line":595,"column":47}},{"start":{"line":596,"column":6},"end":{"line":596,"column":16}}],"line":595},"68":{"loc":{"start":{"line":616,"column":2},"end":{"line":653,"column":3}},"type":"if","locations":[{"start":{"line":616,"column":2},"end":{"line":653,"column":3}},{"start":{},"end":{}}],"line":616},"69":{"loc":{"start":{"line":624,"column":4},"end":{"line":646,"column":5}},"type":"if","locations":[{"start":{"line":624,"column":4},"end":{"line":646,"column":5}},{"start":{},"end":{}}],"line":624},"70":{"loc":{"start":{"line":624,"column":8},"end":{"line":624,"column":74}},"type":"binary-expr","locations":[{"start":{"line":624,"column":8},"end":{"line":624,"column":27}},{"start":{"line":624,"column":31},"end":{"line":624,"column":74}}],"line":624},"71":{"loc":{"start":{"line":625,"column":6},"end":{"line":628,"column":7}},"type":"if","locations":[{"start":{"line":625,"column":6},"end":{"line":628,"column":7}},{"start":{},"end":{}}],"line":625},"72":{"loc":{"start":{"line":631,"column":21},"end":{"line":631,"column":54}},"type":"binary-expr","locations":[{"start":{"line":631,"column":21},"end":{"line":631,"column":30}},{"start":{"line":631,"column":34},"end":{"line":631,"column":54}}],"line":631},"73":{"loc":{"start":{"line":632,"column":6},"end":{"line":635,"column":7}},"type":"if","locations":[{"start":{"line":632,"column":6},"end":{"line":635,"column":7}},{"start":{},"end":{}}],"line":632},"74":{"loc":{"start":{"line":661,"column":2},"end":{"line":664,"column":3}},"type":"if","locations":[{"start":{"line":661,"column":2},"end":{"line":664,"column":3}},{"start":{},"end":{}}],"line":661},"75":{"loc":{"start":{"line":679,"column":2},"end":{"line":682,"column":3}},"type":"if","locations":[{"start":{"line":679,"column":2},"end":{"line":682,"column":3}},{"start":{},"end":{}}],"line":679},"76":{"loc":{"start":{"line":683,"column":2},"end":{"line":686,"column":3}},"type":"if","locations":[{"start":{"line":683,"column":2},"end":{"line":686,"column":3}},{"start":{},"end":{}}],"line":683},"77":{"loc":{"start":{"line":687,"column":2},"end":{"line":687,"column":61}},"type":"if","locations":[{"start":{"line":687,"column":2},"end":{"line":687,"column":61}},{"start":{},"end":{}}],"line":687},"78":{"loc":{"start":{"line":703,"column":2},"end":{"line":706,"column":3}},"type":"if","locations":[{"start":{"line":703,"column":2},"end":{"line":706,"column":3}},{"start":{},"end":{}}],"line":703},"79":{"loc":{"start":{"line":703,"column":6},"end":{"line":703,"column":37}},"type":"binary-expr","locations":[{"start":{"line":703,"column":6},"end":{"line":703,"column":22}},{"start":{"line":703,"column":26},"end":{"line":703,"column":37}}],"line":703},"80":{"loc":{"start":{"line":729,"column":2},"end":{"line":729,"column":44}},"type":"if","locations":[{"start":{"line":729,"column":2},"end":{"line":729,"column":44}},{"start":{},"end":{}}],"line":729},"81":{"loc":{"start":{"line":729,"column":6},"end":{"line":729,"column":35}},"type":"binary-expr","locations":[{"start":{"line":729,"column":6},"end":{"line":729,"column":11}},{"start":{"line":729,"column":15},"end":{"line":729,"column":35}}],"line":729},"82":{"loc":{"start":{"line":746,"column":4},"end":{"line":746,"column":41}},"type":"if","locations":[{"start":{"line":746,"column":4},"end":{"line":746,"column":41}},{"start":{},"end":{}}],"line":746},"83":{"loc":{"start":{"line":748,"column":20},"end":{"line":748,"column":71}},"type":"binary-expr","locations":[{"start":{"line":748,"column":20},"end":{"line":748,"column":27}},{"start":{"line":748,"column":31},"end":{"line":748,"column":71}}],"line":748},"84":{"loc":{"start":{"line":749,"column":6},"end":{"line":749,"column":27}},"type":"if","locations":[{"start":{"line":749,"column":6},"end":{"line":749,"column":27}},{"start":{},"end":{}}],"line":749},"85":{"loc":{"start":{"line":753,"column":6},"end":{"line":767,"column":7}},"type":"if","locations":[{"start":{"line":753,"column":6},"end":{"line":767,"column":7}},{"start":{"line":755,"column":13},"end":{"line":767,"column":7}}],"line":753},"86":{"loc":{"start":{"line":757,"column":20},"end":{"line":757,"column":71}},"type":"binary-expr","locations":[{"start":{"line":757,"column":20},"end":{"line":757,"column":27}},{"start":{"line":757,"column":31},"end":{"line":757,"column":71}}],"line":757},"87":{"loc":{"start":{"line":758,"column":17},"end":{"line":758,"column":51}},"type":"binary-expr","locations":[{"start":{"line":758,"column":17},"end":{"line":758,"column":18}},{"start":{"line":758,"column":22},"end":{"line":758,"column":51}}],"line":758},"88":{"loc":{"start":{"line":761,"column":10},"end":{"line":761,"column":65}},"type":"cond-expr","locations":[{"start":{"line":761,"column":60},"end":{"line":761,"column":61}},{"start":{"line":761,"column":64},"end":{"line":761,"column":65}}],"line":761},"89":{"loc":{"start":{"line":761,"column":11},"end":{"line":761,"column":31}},"type":"binary-expr","locations":[{"start":{"line":761,"column":11},"end":{"line":761,"column":26}},{"start":{"line":761,"column":30},"end":{"line":761,"column":31}}],"line":761},"90":{"loc":{"start":{"line":761,"column":36},"end":{"line":761,"column":56}},"type":"binary-expr","locations":[{"start":{"line":761,"column":36},"end":{"line":761,"column":51}},{"start":{"line":761,"column":55},"end":{"line":761,"column":56}}],"line":761},"91":{"loc":{"start":{"line":776,"column":0},"end":{"line":798,"column":1}},"type":"if","locations":[{"start":{"line":776,"column":0},"end":{"line":798,"column":1}},{"start":{},"end":{}}],"line":776},"92":{"loc":{"start":{"line":788,"column":4},"end":{"line":788,"column":55}},"type":"if","locations":[{"start":{"line":788,"column":4},"end":{"line":788,"column":55}},{"start":{},"end":{}}],"line":788},"93":{"loc":{"start":{"line":801,"column":0},"end":{"line":843,"column":1}},"type":"if","locations":[{"start":{"line":801,"column":0},"end":{"line":843,"column":1}},{"start":{},"end":{}}],"line":801},"94":{"loc":{"start":{"line":801,"column":4},"end":{"line":801,"column":51}},"type":"binary-expr","locations":[{"start":{"line":801,"column":4},"end":{"line":801,"column":33}},{"start":{"line":801,"column":37},"end":{"line":801,"column":51}}],"line":801}},"s":{"0":16,"1":16,"2":16,"3":16,"4":16,"5":16,"6":16,"7":16,"8":16,"9":16,"10":0,"11":0,"12":16,"13":0,"14":16,"15":96,"16":16,"17":182,"18":63,"19":182,"20":16,"21":54,"22":3,"23":51,"24":51,"25":52,"26":50,"27":50,"28":1,"29":49,"30":49,"31":16,"32":10,"33":9,"34":6,"35":2,"36":6,"37":2,"38":10,"39":10,"40":8,"41":10,"42":5,"43":5,"44":5,"45":5,"46":5,"47":5,"48":27,"49":27,"50":1,"51":26,"52":153,"53":153,"54":26,"55":26,"56":28,"57":28,"58":4,"59":4,"60":12,"61":12,"62":3,"63":9,"64":9,"65":9,"66":12,"67":9,"68":12,"69":0,"70":9,"71":9,"72":1,"73":8,"74":7,"75":7,"76":7,"77":11,"78":11,"79":1,"80":1,"81":10,"82":4,"83":4,"84":4,"85":6,"86":6,"87":6,"88":6,"89":5,"90":1,"91":1,"92":1,"93":1,"94":12,"95":12,"96":9,"97":3,"98":3,"99":9,"100":9,"101":1,"102":1,"103":9,"104":9,"105":9,"106":9,"107":1,"108":9,"109":1,"110":9,"111":0,"112":9,"113":9,"114":9,"115":0,"116":0,"117":9,"118":0,"119":9,"120":1,"121":1,"122":1,"123":1,"124":1,"125":9,"126":9,"127":7,"128":7,"129":1,"130":1,"131":7,"132":7,"133":7,"134":1,"135":1,"136":1,"137":6,"138":1,"139":1,"140":0,"141":1,"142":1,"143":1,"144":6,"145":11,"146":11,"147":11,"148":0,"149":11,"150":11,"151":11,"152":11,"153":11,"154":11,"155":4,"156":5,"157":4,"158":4,"159":4,"160":0,"161":7,"162":3,"163":3,"164":3,"165":0,"166":3,"167":3,"168":3,"169":1,"170":1,"171":2,"172":6,"173":6,"174":6,"175":0,"176":6,"177":6,"178":6,"179":1,"180":5,"181":5,"182":5,"183":5,"184":5,"185":5,"186":0,"187":0,"188":6,"189":6,"190":6,"191":6,"192":1,"193":1,"194":6,"195":1,"196":1,"197":6,"198":6,"199":6,"200":3,"201":3,"202":0,"203":0,"204":6,"205":3,"206":3,"207":3,"208":3,"209":0,"210":0,"211":3,"212":0,"213":0,"214":3,"215":3,"216":3,"217":3,"218":8,"219":8,"220":8,"221":1,"222":1,"223":0,"224":1,"225":0,"226":1,"227":1,"228":1,"229":0,"230":1,"231":0,"232":1,"233":3,"234":3,"235":2,"236":1,"237":0,"238":1,"239":1,"240":1,"241":0,"242":1,"243":0,"244":1,"245":2,"246":16,"247":0,"248":0,"249":0,"250":0,"251":0,"252":0,"253":0,"254":0,"255":0,"256":0,"257":0,"258":0,"259":0,"260":0,"261":0,"262":0,"263":0,"264":0,"265":0,"266":0,"267":0,"268":0,"269":0,"270":0,"271":0,"272":0,"273":0,"274":0,"275":0,"276":0,"277":0,"278":0,"279":0,"280":0,"281":16,"282":0,"283":0,"284":0,"285":0,"286":0,"287":0,"288":0,"289":0,"290":0,"291":0,"292":0,"293":0,"294":0,"295":0,"296":0,"297":0,"298":0,"299":0,"300":0,"301":0,"302":0,"303":0,"304":0,"305":0,"306":0,"307":0,"308":0,"309":0,"310":0,"311":0,"312":0,"313":0,"314":0,"315":0,"316":0,"317":0,"318":0,"319":0,"320":0,"321":0,"322":0,"323":0,"324":0,"325":0,"326":0,"327":0,"328":0,"329":0,"330":0,"331":0,"332":0,"333":0,"334":0,"335":0,"336":0,"337":0,"338":0,"339":0,"340":0,"341":0,"342":0,"343":0,"344":0,"345":0,"346":0,"347":0,"348":0,"349":0,"350":0,"351":0,"352":0,"353":0,"354":0,"355":0,"356":0,"357":0,"358":0,"359":0,"360":0,"361":0,"362":0,"363":0,"364":0,"365":0,"366":0,"367":0,"368":0,"369":0,"370":0,"371":0,"372":0,"373":7,"374":7,"375":6,"376":1,"377":5,"378":5,"379":5,"380":1,"381":4,"382":4,"383":4,"384":4,"385":3,"386":1,"387":2,"388":2,"389":1,"390":1,"391":1,"392":1,"393":2,"394":1,"395":16,"396":0,"397":0,"398":0,"399":0,"400":0,"401":0,"402":0,"403":0,"404":0,"405":0,"406":0,"407":0,"408":0,"409":0,"410":16,"411":16},"f":{"0":96,"1":182,"2":54,"3":52,"4":10,"5":6,"6":2,"7":6,"8":2,"9":10,"10":8,"11":5,"12":5,"13":27,"14":153,"15":0,"16":1,"17":28,"18":12,"19":0,"20":9,"21":11,"22":0,"23":12,"24":9,"25":0,"26":1,"27":0,"28":7,"29":0,"30":1,"31":0,"32":0,"33":11,"34":5,"35":0,"36":0,"37":3,"38":0,"39":6,"40":0,"41":0,"42":6,"43":0,"44":0,"45":3,"46":0,"47":8,"48":0,"49":0,"50":0,"51":0,"52":0,"53":0,"54":0,"55":0,"56":0,"57":0,"58":0,"59":0,"60":0,"61":0,"62":0,"63":0,"64":0,"65":0,"66":0,"67":7,"68":2,"69":1,"70":0,"71":0,"72":0,"73":0},"b":{"0":[16,1],"1":[16,16],"2":[16,3],"3":[0,16],"4":[16,16],"5":[0,16],"6":[63,119],"7":[3,51],"8":[27,25],"9":[1,49],"10":[5,5],"11":[5,5,5],"12":[5,1],"13":[1,26],"14":[4,24],"15":[11],"16":[3,9],"17":[12,10],"18":[1,8],"19":[1,10],"20":[4,6],"21":[9,3],"22":[1,8],"23":[0],"24":[1,8],"25":[1,8],"26":[0,9],"27":[0,9],"28":[1,6],"29":[1,6],"30":[7,7],"31":[0,1],"32":[0,11],"33":[3,8],"34":[4,7],"35":[11,11],"36":[3,1],"37":[0,3],"38":[1,2],"39":[0,6],"40":[1,5],"41":[1,5],"42":[1,5],"43":[3,3],"44":[0,3],"45":[0,3],"46":[3,0],"47":[3,2,0],"48":[8,2],"49":[1,1,3,1,2],"50":[0,1],"51":[0,1],"52":[2,1],"53":[0,1],"54":[0,0],"55":[0,0],"56":[0,0],"57":[0,0],"58":[0,0],"59":[0,0],"60":[0,16],"61":[0,0],"62":[0,0],"63":[0,0],"64":[0,0],"65":[0,0],"66":[0,0],"67":[0,0],"68":[0,0],"69":[0,0],"70":[0,0],"71":[0,0],"72":[0,0],"73":[0,0],"74":[0,0],"75":[0,0],"76":[0,0],"77":[0,0],"78":[0,0],"79":[0,0],"80":[0,0],"81":[0,0],"82":[1,5],"83":[5,5],"84":[1,4],"85":[3,1],"86":[2,2],"87":[2,2],"88":[0,1],"89":[1,0],"90":[1,0],"91":[0,16],"92":[0,0],"93":[16,0],"94":[16,16]},"_coverageSchema":"1a1c01bbd47fc00a2c39e90264f33305004495a9","hash":"12f337c6111f49acba32554fb1cf75fa19dc0ef5"}
,"/Users/haneefshaikh/opencode-telegram-bot/tests/helpers/setup.js": {"path":"/Users/haneefshaikh/opencode-telegram-bot/tests/helpers/setup.js","statementMap":{"0":{"start":{"line":8,"column":2},"end":{"line":24,"column":5}},"1":{"start":{"line":10,"column":4},"end":{"line":14,"column":5}},"2":{"start":{"line":11,"column":6},"end":{"line":11,"column":39}},"3":{"start":{"line":13,"column":6},"end":{"line":13,"column":21}},"4":{"start":{"line":15,"column":21},"end":{"line":15,"column":81}},"5":{"start":{"line":16,"column":17},"end":{"line":16,"column":30}},"6":{"start":{"line":17,"column":4},"end":{"line":23,"column":6}},"7":{"start":{"line":21,"column":8},"end":{"line":21,"column":62}},"8":{"start":{"line":31,"column":2},"end":{"line":37,"column":4}},"9":{"start":{"line":44,"column":2},"end":{"line":44,"column":30}},"10":{"start":{"line":45,"column":2},"end":{"line":45,"column":34}},"11":{"start":{"line":46,"column":2},"end":{"line":46,"column":24}},"12":{"start":{"line":49,"column":0},"end":{"line":49,"column":67}}},"fnMap":{"0":{"name":"createMockFetch","decl":{"start":{"line":7,"column":9},"end":{"line":7,"column":24}},"loc":{"start":{"line":7,"column":41},"end":{"line":25,"column":1}},"line":7},"1":{"name":"(anonymous_1)","decl":{"start":{"line":8,"column":38},"end":{"line":8,"column":39}},"loc":{"start":{"line":8,"column":59},"end":{"line":24,"column":3}},"line":8},"2":{"name":"(anonymous_2)","decl":{"start":{"line":20,"column":12},"end":{"line":20,"column":13}},"loc":{"start":{"line":21,"column":8},"end":{"line":21,"column":62}},"line":21},"3":{"name":"createMockBot","decl":{"start":{"line":30,"column":9},"end":{"line":30,"column":22}},"loc":{"start":{"line":30,"column":25},"end":{"line":38,"column":1}},"line":30},"4":{"name":"resetBotState","decl":{"start":{"line":43,"column":9},"end":{"line":43,"column":22}},"loc":{"start":{"line":43,"column":34},"end":{"line":47,"column":1}},"line":43}},"branchMap":{"0":{"loc":{"start":{"line":7,"column":25},"end":{"line":7,"column":39}},"type":"default-arg","locations":[{"start":{"line":7,"column":37},"end":{"line":7,"column":39}}],"line":7},"1":{"loc":{"start":{"line":15,"column":21},"end":{"line":15,"column":81}},"type":"binary-expr","locations":[{"start":{"line":15,"column":21},"end":{"line":15,"column":40}},{"start":{"line":15,"column":44},"end":{"line":15,"column":81}}],"line":15},"2":{"loc":{"start":{"line":18,"column":10},"end":{"line":18,"column":56}},"type":"cond-expr","locations":[{"start":{"line":18,"column":38},"end":{"line":18,"column":49}},{"start":{"line":18,"column":52},"end":{"line":18,"column":56}}],"line":18},"3":{"loc":{"start":{"line":19,"column":14},"end":{"line":19,"column":67}},"type":"cond-expr","locations":[{"start":{"line":19,"column":46},"end":{"line":19,"column":61}},{"start":{"line":19,"column":64},"end":{"line":19,"column":67}}],"line":19},"4":{"loc":{"start":{"line":21,"column":8},"end":{"line":21,"column":62}},"type":"cond-expr","locations":[{"start":{"line":21,"column":35},"end":{"line":21,"column":39}},{"start":{"line":21,"column":42},"end":{"line":21,"column":62}}],"line":21},"5":{"loc":{"start":{"line":22,"column":12},"end":{"line":22,"column":35}},"type":"binary-expr","locations":[{"start":{"line":22,"column":12},"end":{"line":22,"column":27}},{"start":{"line":22,"column":31},"end":{"line":22,"column":35}}],"line":22}},"s":{"0":102,"1":48,"2":48,"3":0,"4":48,"5":48,"6":48,"7":48,"8":96,"9":96,"10":96,"11":96,"12":10},"f":{"0":102,"1":48,"2":48,"3":96,"4":96},"b":{"0":[61],"1":[48,2],"2":[3,45],"3":[3,45],"4":[19,29],"5":[48,48]},"_coverageSchema":"1a1c01bbd47fc00a2c39e90264f33305004495a9","hash":"020995d161426445600ddedfb2ed6232e69a5c80"}
}
