TN:
SF:bot.js
FN:34,setBotInstance
FN:56,getState
FN:75,authHeader
FN:81,ocFetch
FN:96,createSession
FN:103,sendPromptAsync
FN:110,replyPermission
FN:114,replyQuestion
FN:118,rejectQuestion
FN:123,fetchLastAssistantText
FN:126,(anonymous_10)
FN:130,(anonymous_11)
FN:131,(anonymous_12)
FN:139,startTyping
FN:142,(anonymous_14)
FN:143,(anonymous_15)
FN:146,(anonymous_16)
FN:150,stopTyping
FN:160,sendLong
FN:166,(anonymous_19)
FN:174,ensureSession
FN:185,handleUserMessage
FN:198,(anonymous_22)
FN:219,drainQueue
FN:228,handlePermissionAsked
FN:261,(anonymous_25)
FN:269,(anonymous_26)
FN:274,(anonymous_27)
FN:285,handleQuestionAsked
FN:300,(anonymous_29)
FN:311,(anonymous_30)
FN:316,(anonymous_31)
FN:317,(anonymous_32)
FN:324,askCurrentQuestion
FN:340,(anonymous_34)
FN:354,(anonymous_35)
FN:357,(anonymous_36)
FN:361,handleCustomQuestionAnswer
FN:369,(anonymous_38)
FN:376,advanceQuestionAnswer
FN:395,(anonymous_40)
FN:399,(anonymous_41)
FN:406,handleSessionIdle
FN:427,(anonymous_43)
FN:431,(anonymous_44)
FN:440,handleSessionError
FN:456,(anonymous_46)
FN:463,dispatchEvent
FN:471,(anonymous_48)
FN:480,(anonymous_49)
FN:489,(anonymous_50)
FN:498,(anonymous_51)
FN:514,connectSSE
FN:569,(anonymous_53)
FN:575,(anonymous_54)
FN:601,(anonymous_55)
FN:602,(anonymous_56)
FN:610,(anonymous_57)
FN:633,(anonymous_58)
FN:641,(anonymous_59)
FN:642,(anonymous_60)
FN:651,(anonymous_61)
FN:658,(anonymous_62)
FN:673,(anonymous_63)
FN:700,(anonymous_64)
FN:716,(anonymous_65)
FN:724,(anonymous_66)
FN:743,rehydrateSessions
FN:756,(anonymous_68)
FN:760,(anonymous_69)
FN:778,(anonymous_70)
FN:781,(anonymous_71)
FN:786,(anonymous_72)
FN:797,(anonymous_73)
FNF:74
FNH:35
FNDA:96,setBotInstance
FNDA:182,getState
FNDA:54,authHeader
FNDA:52,ocFetch
FNDA:10,createSession
FNDA:6,sendPromptAsync
FNDA:2,replyPermission
FNDA:6,replyQuestion
FNDA:2,rejectQuestion
FNDA:10,fetchLastAssistantText
FNDA:8,(anonymous_10)
FNDA:5,(anonymous_11)
FNDA:5,(anonymous_12)
FNDA:27,startTyping
FNDA:153,(anonymous_14)
FNDA:0,(anonymous_15)
FNDA:1,(anonymous_16)
FNDA:28,stopTyping
FNDA:12,sendLong
FNDA:0,(anonymous_19)
FNDA:9,ensureSession
FNDA:11,handleUserMessage
FNDA:0,(anonymous_22)
FNDA:12,drainQueue
FNDA:9,handlePermissionAsked
FNDA:0,(anonymous_25)
FNDA:1,(anonymous_26)
FNDA:0,(anonymous_27)
FNDA:7,handleQuestionAsked
FNDA:0,(anonymous_29)
FNDA:1,(anonymous_30)
FNDA:0,(anonymous_31)
FNDA:0,(anonymous_32)
FNDA:11,askCurrentQuestion
FNDA:5,(anonymous_34)
FNDA:0,(anonymous_35)
FNDA:0,(anonymous_36)
FNDA:3,handleCustomQuestionAnswer
FNDA:0,(anonymous_38)
FNDA:6,advanceQuestionAnswer
FNDA:0,(anonymous_40)
FNDA:0,(anonymous_41)
FNDA:6,handleSessionIdle
FNDA:0,(anonymous_43)
FNDA:0,(anonymous_44)
FNDA:3,handleSessionError
FNDA:0,(anonymous_46)
FNDA:8,dispatchEvent
FNDA:0,(anonymous_48)
FNDA:0,(anonymous_49)
FNDA:0,(anonymous_50)
FNDA:0,(anonymous_51)
FNDA:0,connectSSE
FNDA:0,(anonymous_53)
FNDA:0,(anonymous_54)
FNDA:0,(anonymous_55)
FNDA:0,(anonymous_56)
FNDA:0,(anonymous_57)
FNDA:0,(anonymous_58)
FNDA:0,(anonymous_59)
FNDA:0,(anonymous_60)
FNDA:0,(anonymous_61)
FNDA:0,(anonymous_62)
FNDA:0,(anonymous_63)
FNDA:0,(anonymous_64)
FNDA:0,(anonymous_65)
FNDA:0,(anonymous_66)
FNDA:7,rehydrateSessions
FNDA:2,(anonymous_68)
FNDA:1,(anonymous_69)
FNDA:0,(anonymous_70)
FNDA:0,(anonymous_71)
FNDA:0,(anonymous_72)
FNDA:0,(anonymous_73)
DA:2,16
DA:3,16
DA:7,16
DA:8,16
DA:9,16
DA:10,16
DA:13,16
DA:15,16
DA:17,16
DA:19,16
DA:20,0
DA:21,0
DA:27,16
DA:28,0
DA:31,16
DA:35,96
DA:54,16
DA:57,182
DA:58,63
DA:67,182
DA:71,16
DA:76,54
DA:77,51
DA:78,51
DA:82,52
DA:87,50
DA:88,50
DA:89,49
DA:90,49
DA:92,16
DA:97,10
DA:100,9
DA:105,6
DA:111,2
DA:115,6
DA:119,2
DA:124,10
DA:126,10
DA:127,10
DA:128,5
DA:129,5
DA:130,5
DA:131,5
DA:134,5
DA:140,27
DA:141,27
DA:142,26
DA:143,153
DA:144,153
DA:146,26
DA:147,26
DA:151,28
DA:152,28
DA:153,4
DA:154,4
DA:161,12
DA:162,12
DA:163,9
DA:164,12
DA:165,9
DA:166,12
DA:167,0
DA:175,9
DA:176,9
DA:177,8
DA:178,7
DA:179,7
DA:180,7
DA:186,11
DA:190,11
DA:191,1
DA:192,1
DA:196,10
DA:197,4
DA:198,4
DA:199,4
DA:202,6
DA:203,6
DA:205,6
DA:206,6
DA:207,5
DA:210,1
DA:211,1
DA:212,1
DA:213,1
DA:220,12
DA:221,12
DA:222,3
DA:223,3
DA:229,9
DA:232,9
DA:233,1
DA:234,1
DA:237,9
DA:239,9
DA:242,9
DA:243,9
DA:244,9
DA:245,9
DA:246,9
DA:248,9
DA:258,9
DA:262,0
DA:263,0
DA:266,9
DA:269,9
DA:270,1
DA:271,1
DA:272,1
DA:273,1
DA:274,1
DA:279,9
DA:280,9
DA:286,7
DA:289,7
DA:290,1
DA:291,1
DA:294,7
DA:296,7
DA:298,7
DA:300,1
DA:301,1
DA:302,1
DA:306,6
DA:313,1
DA:314,1
DA:315,1
DA:316,1
DA:317,1
DA:321,6
DA:325,11
DA:326,11
DA:327,11
DA:329,11
DA:330,11
DA:331,11
DA:333,11
DA:334,11
DA:337,11
DA:340,5
DA:348,4
DA:349,4
DA:351,4
DA:354,0
DA:357,7
DA:362,3
DA:363,3
DA:364,3
DA:366,3
DA:367,3
DA:368,3
DA:369,1
DA:370,1
DA:373,2
DA:377,6
DA:378,6
DA:379,6
DA:382,6
DA:383,6
DA:385,6
DA:387,1
DA:390,5
DA:391,5
DA:393,5
DA:394,5
DA:395,5
DA:396,5
DA:398,0
DA:399,0
DA:407,6
DA:408,6
DA:409,6
DA:412,6
DA:413,1
DA:414,1
DA:416,6
DA:417,1
DA:418,1
DA:422,6
DA:423,6
DA:424,6
DA:425,3
DA:427,3
DA:430,0
DA:431,0
DA:435,6
DA:441,3
DA:442,3
DA:443,3
DA:445,3
DA:446,0
DA:447,0
DA:449,3
DA:450,0
DA:451,0
DA:454,3
DA:455,3
DA:456,3
DA:458,3
DA:464,8
DA:465,8
DA:467,8
DA:469,1
DA:470,1
DA:471,1
DA:472,0
DA:474,1
DA:478,1
DA:479,1
DA:480,1
DA:481,0
DA:483,1
DA:487,3
DA:488,3
DA:489,1
DA:490,0
DA:492,1
DA:496,1
DA:497,1
DA:498,1
DA:499,0
DA:501,1
DA:506,2
DA:512,16
DA:515,0
DA:516,0
DA:518,0
DA:520,0
DA:521,0
DA:526,0
DA:527,0
DA:530,0
DA:532,0
DA:533,0
DA:534,0
DA:536,0
DA:537,0
DA:538,0
DA:540,0
DA:541,0
DA:542,0
DA:544,0
DA:545,0
DA:546,0
DA:547,0
DA:548,0
DA:549,0
DA:550,0
DA:552,0
DA:557,0
DA:559,0
DA:560,0
DA:563,0
DA:568,16
DA:569,0
DA:570,0
DA:571,0
DA:572,0
DA:575,0
DA:577,0
DA:578,0
DA:581,0
DA:582,0
DA:583,0
DA:584,0
DA:587,0
DA:588,0
DA:589,0
DA:594,0
DA:598,0
DA:602,0
DA:605,0
DA:606,0
DA:607,0
DA:609,0
DA:610,0
DA:612,0
DA:616,0
DA:618,0
DA:619,0
DA:620,0
DA:621,0
DA:624,0
DA:625,0
DA:627,0
DA:630,0
DA:631,0
DA:632,0
DA:633,0
DA:634,0
DA:636,0
DA:638,0
DA:642,0
DA:644,0
DA:645,0
DA:651,0
DA:652,0
DA:658,0
DA:659,0
DA:660,0
DA:661,0
DA:662,0
DA:663,0
DA:665,0
DA:666,0
DA:667,0
DA:669,0
DA:673,0
DA:674,0
DA:675,0
DA:678,0
DA:679,0
DA:680,0
DA:681,0
DA:683,0
DA:684,0
DA:685,0
DA:687,0
DA:688,0
DA:689,0
DA:690,0
DA:692,0
DA:693,0
DA:694,0
DA:696,0
DA:700,0
DA:701,0
DA:702,0
DA:703,0
DA:704,0
DA:705,0
DA:707,0
DA:708,0
DA:709,0
DA:712,0
DA:716,0
DA:717,0
DA:724,0
DA:725,0
DA:726,0
DA:729,0
DA:731,0
DA:744,7
DA:745,7
DA:746,6
DA:747,5
DA:748,5
DA:749,5
DA:750,4
DA:751,4
DA:752,4
DA:753,4
DA:754,3
DA:756,1
DA:757,2
DA:758,2
DA:760,1
DA:761,1
DA:763,1
DA:764,1
DA:765,2
DA:770,1
DA:776,16
DA:778,0
DA:779,0
DA:781,0
DA:782,0
DA:786,0
DA:787,0
DA:788,0
DA:789,0
DA:790,0
DA:793,0
DA:794,0
DA:797,0
DA:801,16
DA:802,16
LF:377
LH:229
BRDA:8,0,0,16
BRDA:8,0,1,1
BRDA:9,1,0,16
BRDA:9,1,1,16
BRDA:10,2,0,16
BRDA:10,2,1,3
BRDA:19,3,0,0
BRDA:19,3,1,16
BRDA:19,4,0,16
BRDA:19,4,1,16
BRDA:27,5,0,0
BRDA:27,5,1,16
BRDA:57,6,0,63
BRDA:57,6,1,119
BRDA:76,7,0,3
BRDA:76,7,1,51
BRDA:85,8,0,27
BRDA:85,8,1,25
BRDA:88,9,0,1
BRDA:88,9,1,49
BRDA:127,10,0,5
BRDA:127,10,1,5
BRDA:130,11,0,5
BRDA:130,11,1,5
BRDA:130,11,2,5
BRDA:134,12,0,5
BRDA:134,12,1,1
BRDA:141,13,0,1
BRDA:141,13,1,26
BRDA:152,14,0,4
BRDA:152,14,1,24
BRDA:160,15,0,11
BRDA:162,16,0,3
BRDA:162,16,1,9
BRDA:162,17,0,12
BRDA:162,17,1,10
BRDA:176,18,0,1
BRDA:176,18,1,8
BRDA:190,19,0,1
BRDA:190,19,1,10
BRDA:196,20,0,4
BRDA:196,20,1,6
BRDA:221,21,0,9
BRDA:221,21,1,3
BRDA:232,22,0,1
BRDA:232,22,1,8
BRDA:239,23,0,0
BRDA:243,24,0,1
BRDA:243,24,1,8
BRDA:244,25,0,1
BRDA:244,25,1,8
BRDA:245,26,0,0
BRDA:245,26,1,9
BRDA:266,27,0,0
BRDA:266,27,1,9
BRDA:289,28,0,1
BRDA:289,28,1,6
BRDA:298,29,0,1
BRDA:298,29,1,6
BRDA:298,30,0,7
BRDA:298,30,1,7
BRDA:314,31,0,0
BRDA:314,31,1,1
BRDA:327,32,0,0
BRDA:327,32,1,11
BRDA:333,33,0,3
BRDA:333,33,1,8
BRDA:337,34,0,4
BRDA:337,34,1,7
BRDA:337,35,0,11
BRDA:337,35,1,11
BRDA:349,36,0,3
BRDA:349,36,1,1
BRDA:364,37,0,0
BRDA:364,37,1,3
BRDA:368,38,0,1
BRDA:368,38,1,2
BRDA:379,39,0,0
BRDA:379,39,1,6
BRDA:385,40,0,1
BRDA:385,40,1,5
BRDA:412,41,0,1
BRDA:412,41,1,5
BRDA:416,42,0,1
BRDA:416,42,1,5
BRDA:424,43,0,3
BRDA:424,43,1,3
BRDA:445,44,0,0
BRDA:445,44,1,3
BRDA:449,45,0,0
BRDA:449,45,1,3
BRDA:454,46,0,3
BRDA:454,46,1,0
BRDA:455,47,0,3
BRDA:455,47,1,2
BRDA:455,47,2,0
BRDA:465,48,0,8
BRDA:465,48,1,2
BRDA:467,49,0,1
BRDA:467,49,1,1
BRDA:467,49,2,3
BRDA:467,49,3,1
BRDA:467,49,4,2
BRDA:470,50,0,0
BRDA:470,50,1,1
BRDA:479,51,0,0
BRDA:479,51,1,1
BRDA:488,52,0,2
BRDA:488,52,1,1
BRDA:497,53,0,0
BRDA:497,53,1,1
BRDA:515,54,0,0
BRDA:515,54,1,0
BRDA:526,55,0,0
BRDA:526,55,1,0
BRDA:538,56,0,0
BRDA:538,56,1,0
BRDA:545,57,0,0
BRDA:545,57,1,0
BRDA:547,58,0,0
BRDA:547,58,1,0
BRDA:559,59,0,0
BRDA:559,59,1,0
BRDA:568,60,0,0
BRDA:568,60,1,16
BRDA:571,61,0,0
BRDA:571,61,1,0
BRDA:577,62,0,0
BRDA:577,62,1,0
BRDA:581,63,0,0
BRDA:581,63,1,0
BRDA:587,64,0,0
BRDA:587,64,1,0
BRDA:587,65,0,0
BRDA:587,65,1,0
BRDA:594,66,0,0
BRDA:594,66,1,0
BRDA:595,67,0,0
BRDA:595,67,1,0
BRDA:616,68,0,0
BRDA:616,68,1,0
BRDA:624,69,0,0
BRDA:624,69,1,0
BRDA:624,70,0,0
BRDA:624,70,1,0
BRDA:625,71,0,0
BRDA:625,71,1,0
BRDA:631,72,0,0
BRDA:631,72,1,0
BRDA:632,73,0,0
BRDA:632,73,1,0
BRDA:661,74,0,0
BRDA:661,74,1,0
BRDA:679,75,0,0
BRDA:679,75,1,0
BRDA:683,76,0,0
BRDA:683,76,1,0
BRDA:687,77,0,0
BRDA:687,77,1,0
BRDA:703,78,0,0
BRDA:703,78,1,0
BRDA:703,79,0,0
BRDA:703,79,1,0
BRDA:729,80,0,0
BRDA:729,80,1,0
BRDA:729,81,0,0
BRDA:729,81,1,0
BRDA:746,82,0,1
BRDA:746,82,1,5
BRDA:748,83,0,5
BRDA:748,83,1,5
BRDA:749,84,0,1
BRDA:749,84,1,4
BRDA:753,85,0,3
BRDA:753,85,1,1
BRDA:757,86,0,2
BRDA:757,86,1,2
BRDA:758,87,0,2
BRDA:758,87,1,2
BRDA:761,88,0,0
BRDA:761,88,1,1
BRDA:761,89,0,1
BRDA:761,89,1,0
BRDA:761,90,0,1
BRDA:761,90,1,0
BRDA:776,91,0,0
BRDA:776,91,1,16
BRDA:788,92,0,0
BRDA:788,92,1,0
BRDA:801,93,0,16
BRDA:801,93,1,0
BRDA:801,94,0,16
BRDA:801,94,1,16
BRF:193
BRH:115
end_of_record
TN:
SF:tests/helpers/setup.js
FN:7,createMockFetch
FN:8,(anonymous_1)
FN:20,(anonymous_2)
FN:30,createMockBot
FN:43,resetBotState
FNF:5
FNH:5
FNDA:102,createMockFetch
FNDA:48,(anonymous_1)
FNDA:48,(anonymous_2)
FNDA:96,createMockBot
FNDA:96,resetBotState
DA:8,102
DA:10,48
DA:11,48
DA:13,0
DA:15,48
DA:16,48
DA:17,48
DA:21,48
DA:31,96
DA:44,96
DA:45,96
DA:46,96
DA:49,10
LF:13
LH:12
BRDA:7,0,0,61
BRDA:15,1,0,48
BRDA:15,1,1,2
BRDA:18,2,0,3
BRDA:18,2,1,45
BRDA:19,3,0,3
BRDA:19,3,1,45
BRDA:21,4,0,19
BRDA:21,4,1,29
BRDA:22,5,0,48
BRDA:22,5,1,48
BRF:11
BRH:11
end_of_record
